#
# A fatal error has been detected by the Java Runtime Environment:
#
#  EXCEPTION_ACCESS_VIOLATION (0xc0000005) at pc=0x0000000073515ed2, pid=16032, tid=0x00000000000052bc
#
# JRE version: Java(TM) SE Runtime Environment (8.0_181-b13) (build 1.8.0_181-b13)
# Java VM: Java HotSpot(TM) 64-Bit Server VM (25.181-b13 mixed mode windows-amd64 compressed oops)
# Problematic frame:
# V  [jvm.dll+0x145ed2]
#
# Failed to write core dump. Minidumps are not enabled by default on client versions of Windows
#
# If you would like to submit a bug report, please visit:
#   http://bugreport.java.com/bugreport/crash.jsp
#

---------------  T H R E A D  ---------------

Current thread (0x0000000020f91000):  JavaThread "http-nio-8090-exec-2" daemon [_thread_in_vm, id=21180, stack(0x0000000022780000,0x0000000022880000)]

siginfo: ExceptionCode=0xc0000005, reading address 0x0000000000000000

Registers:
RAX=0x0000000000000000, RBX=0x0000000020f91000, RCX=0x0000000000000100, RDX=0x0000000000000000
RSP=0x000000002287ca40, RBP=0x0000000000000000, RSI=0x0000000000000000, RDI=0x0000000000000000
R8 =0x0000000000000000, R9 =0x000000076c5ff1c8, R10=0x0000000000000092, R11=0x0000000073be4970
R12=0x000000000116e0c8, R13=0x000000001bfa30d0, R14=0x000000002287cbd8, R15=0x0000000020f91000
RIP=0x0000000073515ed2, EFLAGS=0x0000000000010202

Top of Stack: (sp=0x000000002287ca40)
0x000000002287ca40:   000000001bfb7870 00000000000000b8
0x000000002287ca50:   0000000000000001 0000000000000000
0x000000002287ca60:   0000000020f91000 0000000000000000
0x000000002287ca70:   000000001e515890 0000000002aefc30
0x000000002287ca80:   0000000002aefc30 000000002287cb80
0x000000002287ca90:   0000000000000004 00000000734b755f
0x000000002287caa0:   0000000000000000 0000000020f911f8
0x000000002287cab0:   0000000000000000 000000006d58204d
0x000000002287cac0:   000000002287cbd8 0000000000000001
0x000000002287cad0:   0000000023327cb0 0000000020f911f8
0x000000002287cae0:   0000000020f345a0 000000007349e06b
0x000000002287caf0:   0000000020f91000 0000000023327cf0
0x000000002287cb00:   000000001bfa30d8 0000000050200021
0x000000002287cb10:   0000000000000001 000000002287cbb0
0x000000002287cb20:   0000000000000000 0000000002b597db
0x000000002287cb30:   0000000020f91000 0000000002aefbd0 

Instructions: (pc=0x0000000073515ed2)
0x0000000073515eb2:   89 5c 24 20 48 89 74 24 28 48 39 73 08 74 0a 48
0x0000000073515ec2:   8d 4c 24 20 e8 45 7a 13 00 40 38 35 9e da 6c 00
0x0000000073515ed2:   48 8b 3f 48 63 05 f8 39 6b 00 74 1b 8b 0c 38 85
0x0000000073515ee2:   c9 74 7c 8b c1 8b 0d 6b 09 66 00 48 d3 e0 48 03 


Register to memory mapping:

RAX=0x0000000000000000 is an unknown value
RBX=0x0000000020f91000 is a thread
RCX=0x0000000000000100 is an unknown value
RDX=0x0000000000000000 is an unknown value
RSP=0x000000002287ca40 is pointing into the stack for thread: 0x0000000020f91000
RBP=0x0000000000000000 is an unknown value
RSI=0x0000000000000000 is an unknown value
RDI=0x0000000000000000 is an unknown value
R8 =0x0000000000000000 is an unknown value
R9 =0x000000076c5ff1c8 is an oop
org.sqlite.core.NativeDB 
 - klass: 'org/sqlite/core/NativeDB'
R10=0x0000000000000092 is an unknown value
R11=0x0000000073be4970 is an unknown value
R12=0x000000000116e0c8 is an unknown value
R13=0x000000001bfa30d0 is pointing into metadata
R14=0x000000002287cbd8 is pointing into the stack for thread: 0x0000000020f91000
R15=0x0000000020f91000 is a thread


Stack: [0x0000000022780000,0x0000000022880000],  sp=0x000000002287ca40,  free space=1010k
Native frames: (J=compiled Java code, j=interpreted, Vv=VM code, C=native code)

Java frames: (J=compiled Java code, j=interpreted, Vv=VM code)
j  org.sqlite.core.NativeDB.prepare(Ljava/lang/String;)J+0
j  org.sqlite.core.DB.prepare(Lorg/sqlite/core/CoreStatement;)V+21
j  org.sqlite.jdbc3.JDBC3Statement.execute(Ljava/lang/String;)Z+35
j  Model.Data.Utils.DBUtils.executeCommandList(Ljava/util/List;Ljava/lang/String;Ljava/lang/String;Ljava/lang/String;)Ljava/util/List;+143
j  Model.Data.API.Run.JournalDBAPI.addToEntryInfo(LModel/API/Journal/Entry;)I+172
j  Model.API.Journal.Journal.createEntry(LModel/API/Journal/Entry;)I+20
j  Controller.RESTJournal.createEntry(ILController/EntryBuilder;)Lorg/springframework/http/ResponseEntity;+18
v  ~StubRoutines::call_stub
J 1741  sun.reflect.NativeMethodAccessorImpl.invoke0(Ljava/lang/reflect/Method;Ljava/lang/Object;[Ljava/lang/Object;)Ljava/lang/Object; (0 bytes) @ 0x0000000002eebcbf [0x0000000002eebc40+0x7f]
J 1740 C1 sun.reflect.NativeMethodAccessorImpl.invoke(Ljava/lang/Object;[Ljava/lang/Object;)Ljava/lang/Object; (104 bytes) @ 0x0000000002eed2e4 [0x0000000002eecf20+0x3c4]
J 1677 C1 sun.reflect.DelegatingMethodAccessorImpl.invoke(Ljava/lang/Object;[Ljava/lang/Object;)Ljava/lang/Object; (10 bytes) @ 0x0000000002ed0764 [0x0000000002ed0720+0x44]
J 1676 C1 java.lang.reflect.Method.invoke(Ljava/lang/Object;[Ljava/lang/Object;)Ljava/lang/Object; (62 bytes) @ 0x0000000002ed0364 [0x0000000002ed0260+0x104]
j  org.springframework.web.method.support.InvocableHandlerMethod.doInvoke([Ljava/lang/Object;)Ljava/lang/Object;+16
j  org.springframework.web.method.support.InvocableHandlerMethod.invokeForRequest(Lorg/springframework/web/context/request/NativeWebRequest;Lorg/springframework/web/method/support/ModelAndViewContainer;[Ljava/lang/Object;)Ljava/lang/Object;+56
j  org.springframework.web.servlet.mvc.method.annotation.ServletInvocableHandlerMethod.invokeAndHandle(Lorg/springframework/web/context/request/ServletWebRequest;Lorg/springframework/web/method/support/ModelAndViewContainer;[Ljava/lang/Object;)V+4
j  org.springframework.web.servlet.mvc.method.annotation.RequestMappingHandlerAdapter.invokeHandlerMethod(Ljavax/servlet/http/HttpServletRequest;Ljavax/servlet/http/HttpServletResponse;Lorg/springframework/web/method/HandlerMethod;)Lorg/springframework/web/servlet/ModelAndView;+244
j  org.springframework.web.servlet.mvc.method.annotation.RequestMappingHandlerAdapter.handleInternal(Ljavax/servlet/http/HttpServletRequest;Ljavax/servlet/http/HttpServletResponse;Lorg/springframework/web/method/HandlerMethod;)Lorg/springframework/web/servlet/ModelAndView;+81
j  org.springframework.web.servlet.mvc.method.AbstractHandlerMethodAdapter.handle(Ljavax/servlet/http/HttpServletRequest;Ljavax/servlet/http/HttpServletResponse;Ljava/lang/Object;)Lorg/springframework/web/servlet/ModelAndView;+7
j  org.springframework.web.servlet.DispatcherServlet.doDispatch(Ljavax/servlet/http/HttpServletRequest;Ljavax/servlet/http/HttpServletResponse;)V+257
j  org.springframework.web.servlet.DispatcherServlet.doService(Ljavax/servlet/http/HttpServletRequest;Ljavax/servlet/http/HttpServletResponse;)V+212
j  org.springframework.web.servlet.FrameworkServlet.processRequest(Ljavax/servlet/http/HttpServletRequest;Ljavax/servlet/http/HttpServletResponse;)V+71
j  org.springframework.web.servlet.FrameworkServlet.doPost(Ljavax/servlet/http/HttpServletRequest;Ljavax/servlet/http/HttpServletResponse;)V+3
j  javax.servlet.http.HttpServlet.service(Ljavax/servlet/http/HttpServletRequest;Ljavax/servlet/http/HttpServletResponse;)V+149
j  org.springframework.web.servlet.FrameworkServlet.service(Ljavax/servlet/http/HttpServletRequest;Ljavax/servlet/http/HttpServletResponse;)V+33
j  javax.servlet.http.HttpServlet.service(Ljavax/servlet/ServletRequest;Ljavax/servlet/ServletResponse;)V+36
j  org.apache.catalina.core.ApplicationFilterChain.internalDoFilter(Ljavax/servlet/ServletRequest;Ljavax/servlet/ServletResponse;)V+304
j  org.apache.catalina.core.ApplicationFilterChain.doFilter(Ljavax/servlet/ServletRequest;Ljavax/servlet/ServletResponse;)V+101
j  org.apache.tomcat.websocket.server.WsFilter.doFilter(Ljavax/servlet/ServletRequest;Ljavax/servlet/ServletResponse;Ljavax/servlet/FilterChain;)V+21
j  org.apache.catalina.core.ApplicationFilterChain.internalDoFilter(Ljavax/servlet/ServletRequest;Ljavax/servlet/ServletResponse;)V+135
j  org.apache.catalina.core.ApplicationFilterChain.doFilter(Ljavax/servlet/ServletRequest;Ljavax/servlet/ServletResponse;)V+101
j  org.springframework.web.filter.RequestContextFilter.doFilterInternal(Ljavax/servlet/http/HttpServletRequest;Ljavax/servlet/http/HttpServletResponse;Ljavax/servlet/FilterChain;)V+21
j  org.springframework.web.filter.OncePerRequestFilter.doFilter(Ljavax/servlet/ServletRequest;Ljavax/servlet/ServletResponse;Ljavax/servlet/FilterChain;)V+147
j  org.apache.catalina.core.ApplicationFilterChain.internalDoFilter(Ljavax/servlet/ServletRequest;Ljavax/servlet/ServletResponse;)V+135
j  org.apache.catalina.core.ApplicationFilterChain.doFilter(Ljavax/servlet/ServletRequest;Ljavax/servlet/ServletResponse;)V+101
j  org.springframework.web.filter.FormContentFilter.doFilterInternal(Ljavax/servlet/http/HttpServletRequest;Ljavax/servlet/http/HttpServletResponse;Ljavax/servlet/FilterChain;)V+38
j  org.springframework.web.filter.OncePerRequestFilter.doFilter(Ljavax/servlet/ServletRequest;Ljavax/servlet/ServletResponse;Ljavax/servlet/FilterChain;)V+147
j  org.apache.catalina.core.ApplicationFilterChain.internalDoFilter(Ljavax/servlet/ServletRequest;Ljavax/servlet/ServletResponse;)V+135
j  org.apache.catalina.core.ApplicationFilterChain.doFilter(Ljavax/servlet/ServletRequest;Ljavax/servlet/ServletResponse;)V+101
j  org.springframework.web.filter.CharacterEncodingFilter.doFilterInternal(Ljavax/servlet/http/HttpServletRequest;Ljavax/servlet/http/HttpServletResponse;Ljavax/servlet/FilterChain;)V+53
j  org.springframework.web.filter.OncePerRequestFilter.doFilter(Ljavax/servlet/ServletRequest;Ljavax/servlet/ServletResponse;Ljavax/servlet/FilterChain;)V+147
j  org.apache.catalina.core.ApplicationFilterChain.internalDoFilter(Ljavax/servlet/ServletRequest;Ljavax/servlet/ServletResponse;)V+135
j  org.apache.catalina.core.ApplicationFilterChain.doFilter(Ljavax/servlet/ServletRequest;Ljavax/servlet/ServletResponse;)V+101
j  org.apache.catalina.core.StandardWrapperValve.invoke(Lorg/apache/catalina/connector/Request;Lorg/apache/catalina/connector/Response;)V+694
j  org.apache.catalina.core.StandardContextValve.invoke(Lorg/apache/catalina/connector/Request;Lorg/apache/catalina/connector/Response;)V+166
j  org.apache.catalina.authenticator.AuthenticatorBase.invoke(Lorg/apache/catalina/connector/Request;Lorg/apache/catalina/connector/Response;)V+260
j  org.apache.catalina.core.StandardHostValve.invoke(Lorg/apache/catalina/connector/Request;Lorg/apache/catalina/connector/Response;)V+114
j  org.apache.catalina.valves.ErrorReportValve.invoke(Lorg/apache/catalina/connector/Request;Lorg/apache/catalina/connector/Response;)V+6
j  org.apache.catalina.core.StandardEngineValve.invoke(Lorg/apache/catalina/connector/Request;Lorg/apache/catalina/connector/Response;)V+45
j  org.apache.catalina.connector.CoyoteAdapter.service(Lorg/apache/coyote/Request;Lorg/apache/coyote/Response;)V+199
j  org.apache.coyote.http11.Http11Processor.service(Lorg/apache/tomcat/util/net/SocketWrapperBase;)Lorg/apache/tomcat/util/net/AbstractEndpoint$Handler$SocketState;+784
j  org.apache.coyote.AbstractProcessorLight.process(Lorg/apache/tomcat/util/net/SocketWrapperBase;Lorg/apache/tomcat/util/net/SocketEvent;)Lorg/apache/tomcat/util/net/AbstractEndpoint$Handler$SocketState;+113
j  org.apache.coyote.AbstractProtocol$ConnectionHandler.process(Lorg/apache/tomcat/util/net/SocketWrapperBase;Lorg/apache/tomcat/util/net/SocketEvent;)Lorg/apache/tomcat/util/net/AbstractEndpoint$Handler$SocketState;+442
j  org.apache.tomcat.util.net.NioEndpoint$SocketProcessor.doRun()V+221
j  org.apache.tomcat.util.net.SocketProcessorBase.run()V+21
j  java.util.concurrent.ThreadPoolExecutor.runWorker(Ljava/util/concurrent/ThreadPoolExecutor$Worker;)V+95
j  java.util.concurrent.ThreadPoolExecutor$Worker.run()V+5
j  org.apache.tomcat.util.threads.TaskThread$WrappingRunnable.run()V+4
j  java.lang.Thread.run()V+11
v  ~StubRoutines::call_stub

---------------  P R O C E S S  ---------------

Java Threads: ( => current thread )
  0x0000000020f99800 JavaThread "DestroyJavaVM" [_thread_blocked, id=17708, stack(0x0000000002910000,0x0000000002a10000)]
  0x0000000020f9c000 JavaThread "http-nio-8090-Acceptor" daemon [_thread_in_native, id=23164, stack(0x0000000023180000,0x0000000023280000)]
  0x0000000020f98000 JavaThread "http-nio-8090-ClientPoller" daemon [_thread_in_native, id=23804, stack(0x0000000023080000,0x0000000023180000)]
  0x0000000020f96800 JavaThread "http-nio-8090-exec-10" daemon [_thread_blocked, id=10048, stack(0x0000000022f80000,0x0000000023080000)]
  0x0000000020f9b800 JavaThread "http-nio-8090-exec-9" daemon [_thread_blocked, id=18280, stack(0x0000000022e80000,0x0000000022f80000)]
  0x0000000020f9a800 JavaThread "http-nio-8090-exec-8" daemon [_thread_blocked, id=11332, stack(0x0000000022d80000,0x0000000022e80000)]
  0x0000000020f99000 JavaThread "http-nio-8090-exec-7" daemon [_thread_blocked, id=11080, stack(0x0000000022c80000,0x0000000022d80000)]
  0x0000000020f97800 JavaThread "http-nio-8090-exec-6" daemon [_thread_blocked, id=14800, stack(0x0000000022b80000,0x0000000022c80000)]
  0x0000000020f94800 JavaThread "http-nio-8090-exec-5" daemon [_thread_blocked, id=20372, stack(0x0000000022a80000,0x0000000022b80000)]
  0x0000000020f91800 JavaThread "http-nio-8090-exec-4" daemon [_thread_blocked, id=2936, stack(0x0000000022980000,0x0000000022a80000)]
  0x0000000020f54800 JavaThread "http-nio-8090-exec-3" daemon [_thread_blocked, id=26504, stack(0x0000000022880000,0x0000000022980000)]
=>0x0000000020f91000 JavaThread "http-nio-8090-exec-2" daemon [_thread_in_vm, id=21180, stack(0x0000000022780000,0x0000000022880000)]
  0x0000000020f90000 JavaThread "http-nio-8090-exec-1" daemon [_thread_blocked, id=3184, stack(0x0000000022680000,0x0000000022780000)]
  0x0000000020f8f800 JavaThread "http-nio-8090-BlockPoller" daemon [_thread_in_native, id=11092, stack(0x0000000022580000,0x0000000022680000)]
  0x0000000020e57800 JavaThread "container-0" [_thread_blocked, id=25984, stack(0x0000000022280000,0x0000000022380000)]
  0x0000000020deb800 JavaThread "Catalina-utility-2" [_thread_blocked, id=22688, stack(0x0000000022180000,0x0000000022280000)]
  0x0000000020dd8000 JavaThread "Catalina-utility-1" [_thread_blocked, id=23140, stack(0x00000000200b0000,0x00000000201b0000)]
  0x000000001e488800 JavaThread "Service Thread" daemon [_thread_blocked, id=2604, stack(0x000000001f030000,0x000000001f130000)]
  0x000000001e46e800 JavaThread "C1 CompilerThread3" daemon [_thread_blocked, id=25816, stack(0x000000001ef30000,0x000000001f030000)]
  0x000000001e466800 JavaThread "C2 CompilerThread2" daemon [_thread_blocked, id=26256, stack(0x000000001ee30000,0x000000001ef30000)]
  0x000000001e461000 JavaThread "C2 CompilerThread1" daemon [_thread_blocked, id=25204, stack(0x000000001ed30000,0x000000001ee30000)]
  0x000000001e45f800 JavaThread "C2 CompilerThread0" daemon [_thread_blocked, id=19088, stack(0x000000001ec30000,0x000000001ed30000)]
  0x000000001e45c800 JavaThread "Attach Listener" daemon [_thread_blocked, id=21220, stack(0x000000001eb30000,0x000000001ec30000)]
  0x000000001e45b800 JavaThread "Signal Dispatcher" daemon [_thread_blocked, id=24192, stack(0x000000001ea30000,0x000000001eb30000)]
  0x0000000002b3e000 JavaThread "Finalizer" daemon [_thread_blocked, id=26152, stack(0x000000001e830000,0x000000001e930000)]
  0x0000000002b3b000 JavaThread "Reference Handler" daemon [_thread_blocked, id=24332, stack(0x000000001e330000,0x000000001e430000)]

Other Threads:
  0x000000001c559800 VMThread [stack: 0x000000001e230000,0x000000001e330000] [id=22512]
  0x000000001e514000 WatcherThread [stack: 0x000000001f130000,0x000000001f230000] [id=10676]

VM state:not at safepoint (normal execution)

VM Mutex/Monitor currently owned by a thread: None

Heap:
 PSYoungGen      total 124928K, used 29078K [0x000000076b400000, 0x0000000774800000, 0x00000007c0000000)
  eden space 115200K, 16% used [0x000000076b400000,0x000000076c706888,0x0000000772480000)
  from space 9728K, 98% used [0x0000000773e80000,0x00000007747df348,0x0000000774800000)
  to   space 10752K, 0% used [0x0000000773300000,0x0000000773300000,0x0000000773d80000)
 ParOldGen       total 86016K, used 5823K [0x00000006c1c00000, 0x00000006c7000000, 0x000000076b400000)
  object space 86016K, 6% used [0x00000006c1c00000,0x00000006c21afea0,0x00000006c7000000)
 Metaspace       used 30024K, capacity 31696K, committed 31872K, reserved 1077248K
  class space    used 4038K, capacity 4359K, committed 4480K, reserved 1048576K

Card table byte_map: [0x0000000011f00000,0x0000000012700000] byte_map_base: 0x000000000e8f2000

Marking Bits: (ParMarkBitMap*) 0x0000000073bf2d00
 Begin Bits: [0x0000000013450000, 0x00000000173e0000)
 End Bits:   [0x00000000173e0000, 0x000000001b370000)

Polling page: 0x00000000010a0000

CodeCache: size=245760Kb used=5295Kb max_used=5295Kb free=240464Kb
 bounds [0x0000000002b40000, 0x0000000003070000, 0x0000000011b40000]
 total_blobs=3069 nmethods=2621 adapters=359
 compilation: enabled

Compilation events (10 events):
Event: 15.326 Thread 0x000000001e46e800 2617       1       com.fasterxml.jackson.databind.type.TypeFactory::_findWellKnownSimple (64 bytes)
Event: 15.327 Thread 0x000000001e46e800 nmethod 2617 0x0000000003068910 code [0x0000000003068a80, 0x0000000003068ca8]
Event: 15.327 Thread 0x000000001e46e800 2618       1       com.fasterxml.jackson.databind.cfg.BaseSettings::getTypeFactory (5 bytes)
Event: 15.327 Thread 0x000000001e46e800 nmethod 2618 0x0000000003068d50 code [0x0000000003068ea0, 0x0000000003068fb0]
Event: 15.327 Thread 0x000000001e46e800 2619       1       com.fasterxml.jackson.databind.introspect.BasicBeanDescription::getClassInfo (5 bytes)
Event: 15.328 Thread 0x000000001e46e800 nmethod 2619 0x0000000003069010 code [0x0000000003069160, 0x0000000003069270]
Event: 15.328 Thread 0x000000001e46e800 2620       1       com.fasterxml.jackson.databind.PropertyName::getSimpleName (5 bytes)
Event: 15.329 Thread 0x000000001e46e800 nmethod 2620 0x00000000030692d0 code [0x0000000003069420, 0x0000000003069530]
Event: 15.330 Thread 0x000000001e46e800 2621       1       java.util.LinkedHashMap::entrySet (27 bytes)
Event: 15.330 Thread 0x000000001e46e800 nmethod 2621 0x0000000003069590 code [0x00000000030696e0, 0x0000000003069890]

GC Heap History (10 events):
Event: 1.853 GC heap before
{Heap before GC invocations=1 (full 0):
 PSYoungGen      total 76288K, used 65536K [0x000000076b400000, 0x0000000770900000, 0x00000007c0000000)
  eden space 65536K, 100% used [0x000000076b400000,0x000000076f400000,0x000000076f400000)
  from space 10752K, 0% used [0x000000076fe80000,0x000000076fe80000,0x0000000770900000)
  to   space 10752K, 0% used [0x000000076f400000,0x000000076f400000,0x000000076fe80000)
 ParOldGen       total 175104K, used 0K [0x00000006c1c00000, 0x00000006cc700000, 0x000000076b400000)
  object space 175104K, 0% used [0x00000006c1c00000,0x00000006c1c00000,0x00000006cc700000)
 Metaspace       used 14105K, capacity 14540K, committed 14848K, reserved 1062912K
  class space    used 1894K, capacity 2023K, committed 2048K, reserved 1048576K
Event: 1.866 GC heap after
Heap after GC invocations=1 (full 0):
 PSYoungGen      total 76288K, used 9077K [0x000000076b400000, 0x0000000770900000, 0x00000007c0000000)
  eden space 65536K, 0% used [0x000000076b400000,0x000000076b400000,0x000000076f400000)
  from space 10752K, 84% used [0x000000076f400000,0x000000076fcdd600,0x000000076fe80000)
  to   space 10752K, 0% used [0x000000076fe80000,0x000000076fe80000,0x0000000770900000)
 ParOldGen       total 175104K, used 16K [0x00000006c1c00000, 0x00000006cc700000, 0x000000076b400000)
  object space 175104K, 0% used [0x00000006c1c00000,0x00000006c1c04000,0x00000006cc700000)
 Metaspace       used 14105K, capacity 14540K, committed 14848K, reserved 1062912K
  class space    used 1894K, capacity 2023K, committed 2048K, reserved 1048576K
}
Event: 2.528 GC heap before
{Heap before GC invocations=2 (full 0):
 PSYoungGen      total 76288K, used 74613K [0x000000076b400000, 0x0000000770900000, 0x00000007c0000000)
  eden space 65536K, 100% used [0x000000076b400000,0x000000076f400000,0x000000076f400000)
  from space 10752K, 84% used [0x000000076f400000,0x000000076fcdd600,0x000000076fe80000)
  to   space 10752K, 0% used [0x000000076fe80000,0x000000076fe80000,0x0000000770900000)
 ParOldGen       total 175104K, used 16K [0x00000006c1c00000, 0x00000006cc700000, 0x000000076b400000)
  object space 175104K, 0% used [0x00000006c1c00000,0x00000006c1c04000,0x00000006cc700000)
 Metaspace       used 20247K, capacity 21026K, committed 21120K, reserved 1067008K
  class space    used 2729K, capacity 2924K, committed 2944K, reserved 1048576K
Event: 2.540 GC heap after
Heap after GC invocations=2 (full 0):
 PSYoungGen      total 76288K, used 10726K [0x000000076b400000, 0x0000000774900000, 0x00000007c0000000)
  eden space 65536K, 0% used [0x000000076b400000,0x000000076b400000,0x000000076f400000)
  from space 10752K, 99% used [0x000000076fe80000,0x00000007708f9bf0,0x0000000770900000)
  to   space 10752K, 0% used [0x000000076f400000,0x000000076f400000,0x000000076fe80000)
 ParOldGen       total 175104K, used 1044K [0x00000006c1c00000, 0x00000006cc700000, 0x000000076b400000)
  object space 175104K, 0% used [0x00000006c1c00000,0x00000006c1d051f8,0x00000006cc700000)
 Metaspace       used 20247K, capacity 21026K, committed 21120K, reserved 1067008K
  class space    used 2729K, capacity 2924K, committed 2944K, reserved 1048576K
}
Event: 2.570 GC heap before
{Heap before GC invocations=3 (full 0):
 PSYoungGen      total 76288K, used 14166K [0x000000076b400000, 0x0000000774900000, 0x00000007c0000000)
  eden space 65536K, 5% used [0x000000076b400000,0x000000076b75bf30,0x000000076f400000)
  from space 10752K, 99% used [0x000000076fe80000,0x00000007708f9bf0,0x0000000770900000)
  to   space 10752K, 0% used [0x000000076f400000,0x000000076f400000,0x000000076fe80000)
 ParOldGen       total 175104K, used 1044K [0x00000006c1c00000, 0x00000006cc700000, 0x000000076b400000)
  object space 175104K, 0% used [0x00000006c1c00000,0x00000006c1d051f8,0x00000006cc700000)
 Metaspace       used 20349K, capacity 21134K, committed 21248K, reserved 1067008K
  class space    used 2746K, capacity 2958K, committed 3072K, reserved 1048576K
Event: 2.575 GC heap after
Heap after GC invocations=3 (full 0):
 PSYoungGen      total 76288K, used 5972K [0x000000076b400000, 0x0000000774900000, 0x00000007c0000000)
  eden space 65536K, 0% used [0x000000076b400000,0x000000076b400000,0x000000076f400000)
  from space 10752K, 55% used [0x000000076f400000,0x000000076f9d5060,0x000000076fe80000)
  to   space 10752K, 0% used [0x0000000773e80000,0x0000000773e80000,0x0000000774900000)
 ParOldGen       total 175104K, used 1052K [0x00000006c1c00000, 0x00000006cc700000, 0x000000076b400000)
  object space 175104K, 0% used [0x00000006c1c00000,0x00000006c1d071f8,0x00000006cc700000)
 Metaspace       used 20349K, capacity 21134K, committed 21248K, reserved 1067008K
  class space    used 2746K, capacity 2958K, committed 3072K, reserved 1048576K
}
Event: 2.575 GC heap before
{Heap before GC invocations=4 (full 1):
 PSYoungGen      total 76288K, used 5972K [0x000000076b400000, 0x0000000774900000, 0x00000007c0000000)
  eden space 65536K, 0% used [0x000000076b400000,0x000000076b400000,0x000000076f400000)
  from space 10752K, 55% used [0x000000076f400000,0x000000076f9d5060,0x000000076fe80000)
  to   space 10752K, 0% used [0x0000000773e80000,0x0000000773e80000,0x0000000774900000)
 ParOldGen       total 175104K, used 1052K [0x00000006c1c00000, 0x00000006cc700000, 0x000000076b400000)
  object space 175104K, 0% used [0x00000006c1c00000,0x00000006c1d071f8,0x00000006cc700000)
 Metaspace       used 20349K, capacity 21134K, committed 21248K, reserved 1067008K
  class space    used 2746K, capacity 2958K, committed 3072K, reserved 1048576K
Event: 2.609 GC heap after
Heap after GC invocations=4 (full 1):
 PSYoungGen      total 76288K, used 0K [0x000000076b400000, 0x0000000774900000, 0x00000007c0000000)
  eden space 65536K, 0% used [0x000000076b400000,0x000000076b400000,0x000000076f400000)
  from space 10752K, 0% used [0x000000076f400000,0x000000076f400000,0x000000076fe80000)
  to   space 10752K, 0% used [0x0000000773e80000,0x0000000773e80000,0x0000000774900000)
 ParOldGen       total 86016K, used 5815K [0x00000006c1c00000, 0x00000006c7000000, 0x000000076b400000)
  object space 86016K, 6% used [0x00000006c1c00000,0x00000006c21adea0,0x00000006c7000000)
 Metaspace       used 20347K, capacity 21128K, committed 21248K, reserved 1067008K
  class space    used 2745K, capacity 2957K, committed 3072K, reserved 1048576K
}
Event: 11.111 GC heap before
{Heap before GC invocations=5 (full 1):
 PSYoungGen      total 76288K, used 65536K [0x000000076b400000, 0x0000000774900000, 0x00000007c0000000)
  eden space 65536K, 100% used [0x000000076b400000,0x000000076f400000,0x000000076f400000)
  from space 10752K, 0% used [0x000000076f400000,0x000000076f400000,0x000000076fe80000)
  to   space 10752K, 0% used [0x0000000773e80000,0x0000000773e80000,0x0000000774900000)
 ParOldGen       total 86016K, used 5815K [0x00000006c1c00000, 0x00000006c7000000, 0x000000076b400000)
  object space 86016K, 6% used [0x00000006c1c00000,0x00000006c21adea0,0x00000006c7000000)
 Metaspace       used 27481K, capacity 29128K, committed 29440K, reserved 1075200K
  class space    used 3734K, capacity 4047K, committed 4096K, reserved 1048576K
Event: 11.138 GC heap after
Heap after GC invocations=5 (full 1):
 PSYoungGen      total 124928K, used 9596K [0x000000076b400000, 0x0000000774800000, 0x00000007c0000000)
  eden space 115200K, 0% used [0x000000076b400000,0x000000076b400000,0x0000000772480000)
  from space 9728K, 98% used [0x0000000773e80000,0x00000007747df348,0x0000000774800000)
  to   space 10752K, 0% used [0x0000000773300000,0x0000000773300000,0x0000000773d80000)
 ParOldGen       total 86016K, used 5823K [0x00000006c1c00000, 0x00000006c7000000, 0x000000076b400000)
  object space 86016K, 6% used [0x00000006c1c00000,0x00000006c21afea0,0x00000006c7000000)
 Metaspace       used 27481K, capacity 29128K, committed 29440K, reserved 1075200K
  class space    used 3734K, capacity 4047K, committed 4096K, reserved 1048576K
}

Deoptimization events (0 events):
No events

Classes redefined (0 events):
No events

Internal exceptions (10 events):
Event: 11.463 Thread 0x0000000020f90000 Exception <a 'java/lang/ArrayIndexOutOfBoundsException'> (0x000000076bf24950) thrown at [C:\re\workspace\8-2-build-windows-amd64-cygwin\jdk8u181\11358\hotspot\src\share\vm\runtime\sharedRuntime.cpp, line 605]
Event: 11.464 Thread 0x0000000020f90000 Exception <a 'java/lang/ArrayIndexOutOfBoundsException'> (0x000000076bf284f0) thrown at [C:\re\workspace\8-2-build-windows-amd64-cygwin\jdk8u181\11358\hotspot\src\share\vm\runtime\sharedRuntime.cpp, line 605]
Event: 15.282 Thread 0x0000000020f91000 Exception <a 'java/lang/ArrayIndexOutOfBoundsException'> (0x000000076c3739d0) thrown at [C:\re\workspace\8-2-build-windows-amd64-cygwin\jdk8u181\11358\hotspot\src\share\vm\runtime\sharedRuntime.cpp, line 605]
Event: 15.283 Thread 0x0000000020f91000 Exception <a 'java/lang/ArrayIndexOutOfBoundsException'> (0x000000076c375b90) thrown at [C:\re\workspace\8-2-build-windows-amd64-cygwin\jdk8u181\11358\hotspot\src\share\vm\runtime\sharedRuntime.cpp, line 605]
Event: 15.304 Thread 0x0000000020f91000 Exception <a 'java/lang/ArrayIndexOutOfBoundsException'> (0x000000076c478600) thrown at [C:\re\workspace\8-2-build-windows-amd64-cygwin\jdk8u181\11358\hotspot\src\share\vm\runtime\sharedRuntime.cpp, line 605]
Event: 15.304 Thread 0x0000000020f91000 Exception <a 'java/lang/ArrayIndexOutOfBoundsException'> (0x000000076c479c40) thrown at [C:\re\workspace\8-2-build-windows-amd64-cygwin\jdk8u181\11358\hotspot\src\share\vm\runtime\sharedRuntime.cpp, line 605]
Event: 15.313 Thread 0x0000000020f91000 Exception <a 'java/lang/ArrayIndexOutOfBoundsException'> (0x000000076c47d270) thrown at [C:\re\workspace\8-2-build-windows-amd64-cygwin\jdk8u181\11358\hotspot\src\share\vm\runtime\sharedRuntime.cpp, line 605]
Event: 15.323 Thread 0x0000000020f91000 Exception <a 'java/lang/ArrayIndexOutOfBoundsException'> (0x000000076c4a70c8) thrown at [C:\re\workspace\8-2-build-windows-amd64-cygwin\jdk8u181\11358\hotspot\src\share\vm\runtime\sharedRuntime.cpp, line 605]
Event: 15.323 Thread 0x0000000020f91000 Exception <a 'java/lang/ArrayIndexOutOfBoundsException'> (0x000000076c4a8e98) thrown at [C:\re\workspace\8-2-build-windows-amd64-cygwin\jdk8u181\11358\hotspot\src\share\vm\runtime\sharedRuntime.cpp, line 605]
Event: 15.324 Thread 0x0000000020f91000 Exception <a 'java/lang/ArrayIndexOutOfBoundsException'> (0x000000076c4abaf8) thrown at [C:\re\workspace\8-2-build-windows-amd64-cygwin\jdk8u181\11358\hotspot\src\share\vm\runtime\sharedRuntime.cpp, line 605]

Events (10 events):
Event: 15.356 Executing VM operation: RevokeBias
Event: 15.356 Executing VM operation: RevokeBias done
Event: 15.356 loading class Model/Data/SQL/QueryObjects/CommandTypes/Action
Event: 15.356 loading class Model/Data/SQL/QueryObjects/CommandTypes/Action done
Event: 15.357 loading class Model/Data/SQL/QueryObjects/CommandTypes/Command
Event: 15.357 loading class Model/Data/SQL/QueryObjects/CommandTypes/Command done
Event: 15.357 loading class Model/Data/SQL/QueryObjects/CommandTypes/Query
Event: 15.357 loading class Model/Data/SQL/QueryObjects/CommandTypes/Query done
Event: 15.359 loading class org/sqlite/ExtendedCommand
Event: 15.359 loading class org/sqlite/ExtendedCommand done


Dynamic libraries:
0x00007ff79b890000 - 0x00007ff79b8c7000 	C:\Program Files\Java\jdk1.8.0_181\bin\java.exe
0x00007ff99eae0000 - 0x00007ff99ecd0000 	C:\WINDOWS\SYSTEM32\ntdll.dll
0x00007ff99dac0000 - 0x00007ff99db72000 	C:\WINDOWS\System32\KERNEL32.DLL
0x00007ff99ba70000 - 0x00007ff99bd13000 	C:\WINDOWS\System32\KERNELBASE.dll
0x00007ff99e0f0000 - 0x00007ff99e193000 	C:\WINDOWS\System32\ADVAPI32.dll
0x00007ff99cde0000 - 0x00007ff99ce7e000 	C:\WINDOWS\System32\msvcrt.dll
0x00007ff99ccb0000 - 0x00007ff99cd47000 	C:\WINDOWS\System32\sechost.dll
0x00007ff99d840000 - 0x00007ff99d960000 	C:\WINDOWS\System32\RPCRT4.dll
0x00007ff99d6a0000 - 0x00007ff99d834000 	C:\WINDOWS\System32\USER32.dll
0x00007ff99bd80000 - 0x00007ff99bda1000 	C:\WINDOWS\System32\win32u.dll
0x00007ff99cdb0000 - 0x00007ff99cdd6000 	C:\WINDOWS\System32\GDI32.dll
0x00007ff99c9f0000 - 0x00007ff99cb84000 	C:\WINDOWS\System32\gdi32full.dll
0x00007ff99c6e0000 - 0x00007ff99c77e000 	C:\WINDOWS\System32\msvcp_win.dll
0x00007ff99c5e0000 - 0x00007ff99c6da000 	C:\WINDOWS\System32\ucrtbase.dll
0x00007ff98baa0000 - 0x00007ff98bd25000 	C:\WINDOWS\WinSxS\amd64_microsoft.windows.common-controls_6595b64144ccf1df_6.0.18362.657_none_e6c5b579130e3898\COMCTL32.dll
0x00007ff99dc50000 - 0x00007ff99df86000 	C:\WINDOWS\System32\combase.dll
0x00007ff99c780000 - 0x00007ff99c800000 	C:\WINDOWS\System32\bcryptPrimitives.dll
0x00007ff99df90000 - 0x00007ff99dfbe000 	C:\WINDOWS\System32\IMM32.DLL
0x0000000074cd0000 - 0x0000000074da2000 	C:\Program Files\Java\jdk1.8.0_181\jre\bin\msvcr100.dll
0x00000000733d0000 - 0x0000000073c72000 	C:\Program Files\Java\jdk1.8.0_181\jre\bin\server\jvm.dll
0x00007ff99d690000 - 0x00007ff99d698000 	C:\WINDOWS\System32\PSAPI.DLL
0x00007ff988e50000 - 0x00007ff988e59000 	C:\WINDOWS\SYSTEM32\WSOCK32.dll
0x00007ff9981f0000 - 0x00007ff998214000 	C:\WINDOWS\SYSTEM32\WINMM.dll
0x00007ff994780000 - 0x00007ff99478a000 	C:\WINDOWS\SYSTEM32\VERSION.dll
0x00007ff99dbe0000 - 0x00007ff99dc4f000 	C:\WINDOWS\System32\WS2_32.dll
0x00007ff9981c0000 - 0x00007ff9981ed000 	C:\WINDOWS\SYSTEM32\winmmbase.dll
0x00007ff99c830000 - 0x00007ff99c87a000 	C:\WINDOWS\System32\cfgmgr32.dll
0x0000000074e30000 - 0x0000000074e3f000 	C:\Program Files\Java\jdk1.8.0_181\jre\bin\verify.dll
0x0000000074ca0000 - 0x0000000074cc9000 	C:\Program Files\Java\jdk1.8.0_181\jre\bin\java.dll
0x0000000074c80000 - 0x0000000074c96000 	C:\Program Files\Java\jdk1.8.0_181\jre\bin\zip.dll
0x00007ff99e3b0000 - 0x00007ff99ea95000 	C:\WINDOWS\System32\SHELL32.dll
0x00007ff99e1b0000 - 0x00007ff99e259000 	C:\WINDOWS\System32\shcore.dll
0x00007ff99bdb0000 - 0x00007ff99c52f000 	C:\WINDOWS\System32\windows.storage.dll
0x00007ff99ba50000 - 0x00007ff99ba6f000 	C:\WINDOWS\System32\profapi.dll
0x00007ff99b9e0000 - 0x00007ff99ba2a000 	C:\WINDOWS\System32\powrprof.dll
0x00007ff99b9b0000 - 0x00007ff99b9c0000 	C:\WINDOWS\System32\UMPDC.dll
0x00007ff99cd50000 - 0x00007ff99cda2000 	C:\WINDOWS\System32\shlwapi.dll
0x00007ff99b9c0000 - 0x00007ff99b9d1000 	C:\WINDOWS\System32\kernel.appcore.dll
0x00007ff99c9d0000 - 0x00007ff99c9e7000 	C:\WINDOWS\System32\cryptsp.dll
0x00007ff99ad90000 - 0x00007ff99adc3000 	C:\WINDOWS\system32\rsaenh.dll
0x00007ff99c800000 - 0x00007ff99c826000 	C:\WINDOWS\System32\bcrypt.dll
0x00007ff99b8d0000 - 0x00007ff99b8f5000 	C:\WINDOWS\SYSTEM32\USERENV.dll
0x00007ff99b3f0000 - 0x00007ff99b3fc000 	C:\WINDOWS\SYSTEM32\CRYPTBASE.dll
0x0000000074c60000 - 0x0000000074c7a000 	C:\Program Files\Java\jdk1.8.0_181\jre\bin\net.dll
0x00007ff99b220000 - 0x00007ff99b287000 	C:\WINDOWS\system32\mswsock.dll
0x00007ff99af30000 - 0x00007ff99af6a000 	C:\WINDOWS\SYSTEM32\IPHLPAPI.DLL
0x00007ff99e1a0000 - 0x00007ff99e1a8000 	C:\WINDOWS\System32\NSI.dll
0x00007ff990840000 - 0x00007ff990856000 	C:\WINDOWS\SYSTEM32\dhcpcsvc6.DLL
0x00007ff9907c0000 - 0x00007ff9907dc000 	C:\WINDOWS\SYSTEM32\dhcpcsvc.DLL
0x00007ff99af70000 - 0x00007ff99b03a000 	C:\WINDOWS\SYSTEM32\DNSAPI.dll
0x0000000074c40000 - 0x0000000074c51000 	C:\Program Files\Java\jdk1.8.0_181\jre\bin\nio.dll
0x000000006d580000 - 0x000000006d63d000 	C:\Users\dpk14\AppData\Local\Temp\sqlite-3.8.11.2-09f7e314-f2f4-4674-bc3b-906c959c018a-sqlitejdbc.dll
0x0000000074c30000 - 0x0000000074c3d000 	C:\Program Files\Java\jdk1.8.0_181\jre\bin\management.dll
0x00007ff97b3f0000 - 0x00007ff97b406000 	C:\WINDOWS\system32\napinsp.dll
0x00007ff97b120000 - 0x00007ff97b13a000 	C:\WINDOWS\system32\pnrpnsp.dll
0x00007ff97b110000 - 0x00007ff97b11e000 	C:\WINDOWS\System32\winrnr.dll
0x00007ff997e60000 - 0x00007ff997e7c000 	C:\WINDOWS\system32\NLAapi.dll
0x00007ff9974c0000 - 0x00007ff9974d5000 	C:\WINDOWS\system32\wshbth.dll
0x00007ff994750000 - 0x00007ff99475a000 	C:\Windows\System32\rasadhlp.dll
0x00007ff9900c0000 - 0x00007ff990137000 	C:\WINDOWS\System32\fwpuclnt.dll
0x00007ff99a240000 - 0x00007ff99a434000 	C:\WINDOWS\SYSTEM32\dbghelp.dll

VM Arguments:
jvm_args: -Xverify:none -XX:TieredStopAtLevel=1 -Dfile.encoding=windows-1252 -Duser.country=US -Duser.language=en -Duser.variant 
java_command: Controller.Application dpk14 12345 test1.db -Dserver.port=8090y
java_class_path (initial): C:\Users\dpk14\Thinktionary\build\classes\java\main;C:\Users\dpk14\Thinktionary\build\resources\main;C:\Users\dpk14\.gradle\caches\modules-2\files-2.1\org.springframework.boot\spring-boot-starter-web\2.2.1.RELEASE\689213aca6e25e2aa9b377e61273aa3d31f30f60\spring-boot-starter-web-2.2.1.RELEASE.jar;C:\Users\dpk14\.gradle\caches\modules-2\files-2.1\org.springframework.boot\spring-boot-starter-json\2.2.1.RELEASE\2d9f5ad8a76edcf3c610e0f825d9c01563a6900a\spring-boot-starter-json-2.2.1.RELEASE.jar;C:\Users\dpk14\.gradle\caches\modules-2\files-2.1\com.fasterxml.jackson.datatype\jackson-datatype-jdk8\2.10.0\ac9b5e4ec02f243c580113c0c58564d90432afaa\jackson-datatype-jdk8-2.10.0.jar;C:\Users\dpk14\.gradle\caches\modules-2\files-2.1\com.fasterxml.jackson.datatype\jackson-datatype-jsr310\2.10.0\946bcb4b3ba9facfb338b1d48c2606225205a70c\jackson-datatype-jsr310-2.10.0.jar;C:\Users\dpk14\.gradle\caches\modules-2\files-2.1\com.fasterxml.jackson.module\jackson-module-parameter-names\2.10.0\d7ae5421ab27486429aeb878b7e3937544d9324a\jackson-module-parameter-names-2.10.0.jar;C:\Users\dpk14\.gradle\caches\modules-2\files-2.1\com.fasterxml.jackson.core\jackson-databind\2.9.4\498bbc3b94f566982c7f7c6d4d303fce365529be\jackson-databind-2.9.4.jar;C:\Users\dpk14\.gradle\caches\modules-2\files-2.1\com.fasterxml.jackson.core\jackson-core\2.9.4\a9a71ec1aa37da47db168fede9a4a5fb5e374320\jackson-core-2.9.4.jar;C:\Users\dpk14\.gradle\caches\modules-2\files-2.1\com.fasterxml.jackson.core\jackson-annotations\2.9.4\1380b592ad70439346b5d954ad202be048451c5a\jackson-annotations-2.9.4.jar;C:\Users\dpk14\.gradle\caches\modules-2\files-2.1\org.xerial\sqlite-jdbc\3.8.11.2\dec208cba8debb0a8b9204b08d8d887d63041f0f\sqlite-jdbc-3.8.11.2.jar;C:\Users\dpk14\.gradle\caches\modules-2\files-2.1\org.springframework.boot\spring-boot-starter-validation\2.2.1.RELEASE\ea5bd9055951afe28f64a96524bfd0bf0d362313\spring-boot-starter-validation-2.2.1.RELEASE.jar;C:\Users\dpk14\.gradle\caches\modules-2\file
Launcher Type: SUN_STANDARD

Environment Variables:
CLASSPATH=C:\Gradle\gradle-6.0.1-bin\gradle-6.0.1\bin\..\lib\gradle-launcher-6.0.1.jar
PATH=C:\Program Files (x86)\Common Files\Oracle\Java\javapath;C:\Program Files (x86)\Intel\iCLS Client\;C:\Program Files\Intel\iCLS Client\;C:\windows\system32;C:\windows;C:\windows\System32\Wbem;C:\windows\System32\WindowsPowerShell\v1.0\;C:\Program Files (x86)\Intel\Intel(R) Management Engine Components\DAL;C:\Program Files\Intel\Intel(R) Management Engine Components\DAL;C:\Program Files (x86)\Intel\Intel(R) Management Engine Components\IPT;C:\Program Files\Intel\Intel(R) Management Engine Components\IPT;C:\Program Files (x86)\NVIDIA Corporation\PhysX\Common;C:\WINDOWS\system32;C:\WINDOWS;C:\WINDOWS\System32\Wbem;C:\WINDOWS\System32\WindowsPowerShell\v1.0\;C:\WINDOWS\System32\OpenSSH\;C:\Program Files (x86)\PharosSystems\Core;C:\Program Files\MATLAB\R2018a\bin;C:\Program Files\Git\cmd;C:\Program Files\Microsoft SQL Server\Client SDK\ODBC\110\Tools\Binn\;C:\Program Files (x86)\Microsoft SQL Server\120\Tools\Binn\;C:\Program Files\Microsoft SQL Server\120\Tools\Binn\;C:\Program Files\Microsoft SQL Server\120\DTS\Binn\;C:\Program Files (x86)\Windows Kits\8.1\Windows Performance Toolkit\;C:\Program Files\Microsoft VS Code\bin;C:\Program Files\PuTTY\;C:\Program Files (x86)\IVI Foundation\VISA\WinNT\Bin\;C:\Program Files\IVI Foundation\VISA\Win64\Bin\;C:\Program Files (x86)\IVI Foundation\VISA\WinNT\Bin;C:\Program Files\Intel\WiFi\bin\;C:\Program Files\Common Files\Intel\WirelessCommon\;C:\Gradle\gradle-6.0.1-bin\gradle-6.0.1\bin;C:\Program Files\nodejs\;C:\Python27\;C:\Python27\Scripts;C:\Users\dpk14\AppData\Local\Microsoft\WindowsApps;C:\Users\dpk14\AppData\Local\GitHubDesktop\bin;C:\Users\dpk14\AppData\Local\Programs\Microsoft VS Code\bin;C:\Users\dpk14\AppData\Local\Microsoft\WindowsApps;C:\Users\dpk14\AppData\Roaming\npm
USERNAME=dpk14
OS=Windows_NT
PROCESSOR_IDENTIFIER=Intel64 Family 6 Model 142 Stepping 10, GenuineIntel



---------------  S Y S T E M  ---------------

OS: Windows 10.0 , 64 bit Build 18362 (10.0.18362.329)

CPU:total 8 (initial active 8) (4 cores per cpu, 2 threads per core) family 6 model 142 stepping 10, cmov, cx8, fxsr, mmx, sse, sse2, sse3, ssse3, sse4.1, sse4.2, popcnt, avx, avx2, aes, clmul, erms, 3dnowpref, lzcnt, ht, tsc, tscinvbit, bmi1, bmi2, adx

Memory: 4k page, physical 16660996k(5987536k free), swap 24525316k(5554748k free)

vm_info: Java HotSpot(TM) 64-Bit Server VM (25.181-b13) for windows-amd64 JRE (1.8.0_181-b13), built on Jul  7 2018 04:01:33 by "java_re" with MS VC++ 10.0 (VS2010)

time: Wed Feb 26 19:38:53 2020
elapsed time: 15 seconds (0d 0h 0m 15s)

