#
# A fatal error has been detected by the Java Runtime Environment:
#
#  EXCEPTION_ACCESS_VIOLATION (0xc0000005) at pc=0x0000000073515ed2, pid=21052, tid=0x0000000000003004
#
# JRE version: Java(TM) SE Runtime Environment (8.0_181-b13) (build 1.8.0_181-b13)
# Java VM: Java HotSpot(TM) 64-Bit Server VM (25.181-b13 mixed mode windows-amd64 compressed oops)
# Problematic frame:
# V  [jvm.dll+0x145ed2]
#
# Failed to write core dump. Minidumps are not enabled by default on client versions of Windows
#
# If you would like to submit a bug report, please visit:
#   http://bugreport.java.com/bugreport/crash.jsp
#

---------------  T H R E A D  ---------------

Current thread (0x00000000217ed800):  JavaThread "http-nio-8090-exec-2" daemon [_thread_in_vm, id=12292, stack(0x0000000022fe0000,0x00000000230e0000)]

siginfo: ExceptionCode=0xc0000005, reading address 0x0000000000000000

Registers:
RAX=0x0000000000000000, RBX=0x00000000217ed800, RCX=0x0000000000000d80, RDX=0x0000000000000000
RSP=0x00000000230dca90, RBP=0x0000000000000000, RSI=0x0000000000000000, RDI=0x0000000000000000
R8 =0x0000000000000000, R9 =0x000000076c45d0f0, R10=0x00000000000000aa, R11=0x0000000073be4970
R12=0x0000000001a0e0c8, R13=0x000000001c813018, R14=0x00000000230dcc30, R15=0x00000000217ed800
RIP=0x0000000073515ed2, EFLAGS=0x0000000000010202

Top of Stack: (sp=0x00000000230dca90)
0x00000000230dca90:   000000001cc56ac0 00000000735e7e85
0x00000000230dcaa0:   000000001c827758 00000000000000b8
0x00000000230dcab0:   00000000217ed800 0000000000000000
0x00000000230dcac0:   0000000023b85b68 00000000734b7246
0x00000000230dcad0:   000000001ed7bed0 000000001cc56ac0
0x00000000230dcae0:   000000001cc56ac0 00000000230dcbe0
0x00000000230dcaf0:   0000000000000004 00000000217ed9f8
0x00000000230dcb00:   0000000000000000 000000006d58204d
0x00000000230dcb10:   00000000230dcc30 0000000000000001
0x00000000230dcb20:   0000000023b85908 00000000217ed9f8
0x00000000230dcb30:   0000000023b858c8 000000001cc56a00
0x00000000230dcb40:   00000000217c0b90 000000007349e06b
0x00000000230dcb50:   000000001c813020 0000000050200021
0x00000000230dcb60:   0000000000000001 00000000230dcc08
0x00000000230dcb70:   0000000000000000 00000000033c97db
0x00000000230dcb80:   0000000023b85908 00000000734ffcb0 

Instructions: (pc=0x0000000073515ed2)
0x0000000073515eb2:   89 5c 24 20 48 89 74 24 28 48 39 73 08 74 0a 48
0x0000000073515ec2:   8d 4c 24 20 e8 45 7a 13 00 40 38 35 9e da 6c 00
0x0000000073515ed2:   48 8b 3f 48 63 05 f8 39 6b 00 74 1b 8b 0c 38 85
0x0000000073515ee2:   c9 74 7c 8b c1 8b 0d 6b 09 66 00 48 d3 e0 48 03 


Register to memory mapping:

RAX=0x0000000000000000 is an unknown value
RBX=0x00000000217ed800 is a thread
RCX=0x0000000000000d80 is an unknown value
RDX=0x0000000000000000 is an unknown value
RSP=0x00000000230dca90 is pointing into the stack for thread: 0x00000000217ed800
RBP=0x0000000000000000 is an unknown value
RSI=0x0000000000000000 is an unknown value
RDI=0x0000000000000000 is an unknown value
R8 =0x0000000000000000 is an unknown value
R9 =0x000000076c45d0f0 is an oop
org.sqlite.core.NativeDB 
 - klass: 'org/sqlite/core/NativeDB'
R10=0x00000000000000aa is an unknown value
R11=0x0000000073be4970 is an unknown value
R12=0x0000000001a0e0c8 is an unknown value
R13=0x000000001c813018 is pointing into metadata
R14=0x00000000230dcc30 is pointing into the stack for thread: 0x00000000217ed800
R15=0x00000000217ed800 is a thread


Stack: [0x0000000022fe0000,0x00000000230e0000],  sp=0x00000000230dca90,  free space=1010k
Native frames: (J=compiled Java code, j=interpreted, Vv=VM code, C=native code)

Java frames: (J=compiled Java code, j=interpreted, Vv=VM code)
j  org.sqlite.core.NativeDB.prepare(Ljava/lang/String;)J+0
j  org.sqlite.core.DB.prepare(Lorg/sqlite/core/CoreStatement;)V+21
j  org.sqlite.jdbc3.JDBC3Statement.execute(Ljava/lang/String;)Z+35
j  Model.Data.Utils.DBUtils.executeCommandList(Ljava/util/List;Ljava/lang/String;Ljava/lang/String;Ljava/lang/String;)Ljava/util/List;+138
j  Model.Data.API.Run.JournalDBAPI.addToEntryInfo(LModel/API/Journal/Entry;)I+172
j  Model.API.Journal.Journal.createEntry(LModel/API/Journal/Entry;)I+20
j  Controller.RESTJournal.createEntry(ILController/EntryBuilder;)Lorg/springframework/http/ResponseEntity;+18
v  ~StubRoutines::call_stub
J 1783  sun.reflect.NativeMethodAccessorImpl.invoke0(Ljava/lang/reflect/Method;Ljava/lang/Object;[Ljava/lang/Object;)Ljava/lang/Object; (0 bytes) @ 0x000000000376c4bf [0x000000000376c440+0x7f]
J 1782 C1 sun.reflect.NativeMethodAccessorImpl.invoke(Ljava/lang/Object;[Ljava/lang/Object;)Ljava/lang/Object; (104 bytes) @ 0x000000000376cc64 [0x000000000376c8a0+0x3c4]
J 1535 C1 sun.reflect.DelegatingMethodAccessorImpl.invoke(Ljava/lang/Object;[Ljava/lang/Object;)Ljava/lang/Object; (10 bytes) @ 0x00000000037023e4 [0x00000000037023a0+0x44]
J 1534 C1 java.lang.reflect.Method.invoke(Ljava/lang/Object;[Ljava/lang/Object;)Ljava/lang/Object; (62 bytes) @ 0x0000000003701fe4 [0x0000000003701ee0+0x104]
j  org.springframework.web.method.support.InvocableHandlerMethod.doInvoke([Ljava/lang/Object;)Ljava/lang/Object;+16
j  org.springframework.web.method.support.InvocableHandlerMethod.invokeForRequest(Lorg/springframework/web/context/request/NativeWebRequest;Lorg/springframework/web/method/support/ModelAndViewContainer;[Ljava/lang/Object;)Ljava/lang/Object;+56
j  org.springframework.web.servlet.mvc.method.annotation.ServletInvocableHandlerMethod.invokeAndHandle(Lorg/springframework/web/context/request/ServletWebRequest;Lorg/springframework/web/method/support/ModelAndViewContainer;[Ljava/lang/Object;)V+4
j  org.springframework.web.servlet.mvc.method.annotation.RequestMappingHandlerAdapter.invokeHandlerMethod(Ljavax/servlet/http/HttpServletRequest;Ljavax/servlet/http/HttpServletResponse;Lorg/springframework/web/method/HandlerMethod;)Lorg/springframework/web/servlet/ModelAndView;+244
j  org.springframework.web.servlet.mvc.method.annotation.RequestMappingHandlerAdapter.handleInternal(Ljavax/servlet/http/HttpServletRequest;Ljavax/servlet/http/HttpServletResponse;Lorg/springframework/web/method/HandlerMethod;)Lorg/springframework/web/servlet/ModelAndView;+81
j  org.springframework.web.servlet.mvc.method.AbstractHandlerMethodAdapter.handle(Ljavax/servlet/http/HttpServletRequest;Ljavax/servlet/http/HttpServletResponse;Ljava/lang/Object;)Lorg/springframework/web/servlet/ModelAndView;+7
j  org.springframework.web.servlet.DispatcherServlet.doDispatch(Ljavax/servlet/http/HttpServletRequest;Ljavax/servlet/http/HttpServletResponse;)V+257
j  org.springframework.web.servlet.DispatcherServlet.doService(Ljavax/servlet/http/HttpServletRequest;Ljavax/servlet/http/HttpServletResponse;)V+212
j  org.springframework.web.servlet.FrameworkServlet.processRequest(Ljavax/servlet/http/HttpServletRequest;Ljavax/servlet/http/HttpServletResponse;)V+71
j  org.springframework.web.servlet.FrameworkServlet.doPost(Ljavax/servlet/http/HttpServletRequest;Ljavax/servlet/http/HttpServletResponse;)V+3
j  javax.servlet.http.HttpServlet.service(Ljavax/servlet/http/HttpServletRequest;Ljavax/servlet/http/HttpServletResponse;)V+149
j  org.springframework.web.servlet.FrameworkServlet.service(Ljavax/servlet/http/HttpServletRequest;Ljavax/servlet/http/HttpServletResponse;)V+33
j  javax.servlet.http.HttpServlet.service(Ljavax/servlet/ServletRequest;Ljavax/servlet/ServletResponse;)V+36
j  org.apache.catalina.core.ApplicationFilterChain.internalDoFilter(Ljavax/servlet/ServletRequest;Ljavax/servlet/ServletResponse;)V+304
j  org.apache.catalina.core.ApplicationFilterChain.doFilter(Ljavax/servlet/ServletRequest;Ljavax/servlet/ServletResponse;)V+101
j  org.apache.tomcat.websocket.server.WsFilter.doFilter(Ljavax/servlet/ServletRequest;Ljavax/servlet/ServletResponse;Ljavax/servlet/FilterChain;)V+21
j  org.apache.catalina.core.ApplicationFilterChain.internalDoFilter(Ljavax/servlet/ServletRequest;Ljavax/servlet/ServletResponse;)V+135
j  org.apache.catalina.core.ApplicationFilterChain.doFilter(Ljavax/servlet/ServletRequest;Ljavax/servlet/ServletResponse;)V+101
j  org.springframework.web.filter.RequestContextFilter.doFilterInternal(Ljavax/servlet/http/HttpServletRequest;Ljavax/servlet/http/HttpServletResponse;Ljavax/servlet/FilterChain;)V+21
j  org.springframework.web.filter.OncePerRequestFilter.doFilter(Ljavax/servlet/ServletRequest;Ljavax/servlet/ServletResponse;Ljavax/servlet/FilterChain;)V+147
j  org.apache.catalina.core.ApplicationFilterChain.internalDoFilter(Ljavax/servlet/ServletRequest;Ljavax/servlet/ServletResponse;)V+135
j  org.apache.catalina.core.ApplicationFilterChain.doFilter(Ljavax/servlet/ServletRequest;Ljavax/servlet/ServletResponse;)V+101
j  org.springframework.web.filter.FormContentFilter.doFilterInternal(Ljavax/servlet/http/HttpServletRequest;Ljavax/servlet/http/HttpServletResponse;Ljavax/servlet/FilterChain;)V+38
j  org.springframework.web.filter.OncePerRequestFilter.doFilter(Ljavax/servlet/ServletRequest;Ljavax/servlet/ServletResponse;Ljavax/servlet/FilterChain;)V+147
j  org.apache.catalina.core.ApplicationFilterChain.internalDoFilter(Ljavax/servlet/ServletRequest;Ljavax/servlet/ServletResponse;)V+135
j  org.apache.catalina.core.ApplicationFilterChain.doFilter(Ljavax/servlet/ServletRequest;Ljavax/servlet/ServletResponse;)V+101
j  org.springframework.web.filter.CharacterEncodingFilter.doFilterInternal(Ljavax/servlet/http/HttpServletRequest;Ljavax/servlet/http/HttpServletResponse;Ljavax/servlet/FilterChain;)V+53
j  org.springframework.web.filter.OncePerRequestFilter.doFilter(Ljavax/servlet/ServletRequest;Ljavax/servlet/ServletResponse;Ljavax/servlet/FilterChain;)V+147
j  org.apache.catalina.core.ApplicationFilterChain.internalDoFilter(Ljavax/servlet/ServletRequest;Ljavax/servlet/ServletResponse;)V+135
j  org.apache.catalina.core.ApplicationFilterChain.doFilter(Ljavax/servlet/ServletRequest;Ljavax/servlet/ServletResponse;)V+101
j  org.apache.catalina.core.StandardWrapperValve.invoke(Lorg/apache/catalina/connector/Request;Lorg/apache/catalina/connector/Response;)V+694
j  org.apache.catalina.core.StandardContextValve.invoke(Lorg/apache/catalina/connector/Request;Lorg/apache/catalina/connector/Response;)V+166
j  org.apache.catalina.authenticator.AuthenticatorBase.invoke(Lorg/apache/catalina/connector/Request;Lorg/apache/catalina/connector/Response;)V+260
j  org.apache.catalina.core.StandardHostValve.invoke(Lorg/apache/catalina/connector/Request;Lorg/apache/catalina/connector/Response;)V+114
j  org.apache.catalina.valves.ErrorReportValve.invoke(Lorg/apache/catalina/connector/Request;Lorg/apache/catalina/connector/Response;)V+6
j  org.apache.catalina.core.StandardEngineValve.invoke(Lorg/apache/catalina/connector/Request;Lorg/apache/catalina/connector/Response;)V+45
j  org.apache.catalina.connector.CoyoteAdapter.service(Lorg/apache/coyote/Request;Lorg/apache/coyote/Response;)V+199
j  org.apache.coyote.http11.Http11Processor.service(Lorg/apache/tomcat/util/net/SocketWrapperBase;)Lorg/apache/tomcat/util/net/AbstractEndpoint$Handler$SocketState;+784
j  org.apache.coyote.AbstractProcessorLight.process(Lorg/apache/tomcat/util/net/SocketWrapperBase;Lorg/apache/tomcat/util/net/SocketEvent;)Lorg/apache/tomcat/util/net/AbstractEndpoint$Handler$SocketState;+113
j  org.apache.coyote.AbstractProtocol$ConnectionHandler.process(Lorg/apache/tomcat/util/net/SocketWrapperBase;Lorg/apache/tomcat/util/net/SocketEvent;)Lorg/apache/tomcat/util/net/AbstractEndpoint$Handler$SocketState;+442
j  org.apache.tomcat.util.net.NioEndpoint$SocketProcessor.doRun()V+221
j  org.apache.tomcat.util.net.SocketProcessorBase.run()V+21
j  java.util.concurrent.ThreadPoolExecutor.runWorker(Ljava/util/concurrent/ThreadPoolExecutor$Worker;)V+95
j  java.util.concurrent.ThreadPoolExecutor$Worker.run()V+5
j  org.apache.tomcat.util.threads.TaskThread$WrappingRunnable.run()V+4
j  java.lang.Thread.run()V+11
v  ~StubRoutines::call_stub

---------------  P R O C E S S  ---------------

Java Threads: ( => current thread )
  0x00000000217d2000 JavaThread "DestroyJavaVM" [_thread_blocked, id=23760, stack(0x00000000031b0000,0x00000000032b0000)]
  0x00000000217d1000 JavaThread "http-nio-8090-Acceptor" daemon [_thread_in_native, id=17896, stack(0x00000000239e0000,0x0000000023ae0000)]
  0x00000000217d5800 JavaThread "http-nio-8090-ClientPoller" daemon [_thread_in_native, id=26184, stack(0x00000000238e0000,0x00000000239e0000)]
  0x00000000217d5000 JavaThread "http-nio-8090-exec-10" daemon [_thread_blocked, id=23932, stack(0x00000000237e0000,0x00000000238e0000)]
  0x00000000217d0800 JavaThread "http-nio-8090-exec-9" daemon [_thread_blocked, id=13052, stack(0x00000000236e0000,0x00000000237e0000)]
  0x00000000217d3800 JavaThread "http-nio-8090-exec-8" daemon [_thread_blocked, id=21032, stack(0x00000000235e0000,0x00000000236e0000)]
  0x00000000217d6800 JavaThread "http-nio-8090-exec-7" daemon [_thread_blocked, id=3284, stack(0x00000000234e0000,0x00000000235e0000)]
  0x00000000217d7000 JavaThread "http-nio-8090-exec-6" daemon [_thread_blocked, id=17604, stack(0x00000000233e0000,0x00000000234e0000)]
  0x00000000217f2800 JavaThread "http-nio-8090-exec-5" daemon [_thread_blocked, id=24120, stack(0x00000000232e0000,0x00000000233e0000)]
  0x00000000217f1800 JavaThread "http-nio-8090-exec-4" daemon [_thread_blocked, id=22288, stack(0x00000000231e0000,0x00000000232e0000)]
  0x00000000217ee800 JavaThread "http-nio-8090-exec-3" daemon [_thread_blocked, id=9992, stack(0x00000000230e0000,0x00000000231e0000)]
=>0x00000000217ed800 JavaThread "http-nio-8090-exec-2" daemon [_thread_in_vm, id=12292, stack(0x0000000022fe0000,0x00000000230e0000)]
  0x00000000217e9000 JavaThread "http-nio-8090-exec-1" daemon [_thread_blocked, id=23072, stack(0x0000000022ee0000,0x0000000022fe0000)]
  0x00000000217d8800 JavaThread "http-nio-8090-BlockPoller" daemon [_thread_in_native, id=25868, stack(0x0000000022de0000,0x0000000022ee0000)]
  0x0000000021673000 JavaThread "container-0" [_thread_blocked, id=25340, stack(0x0000000022ae0000,0x0000000022be0000)]
  0x0000000021672800 JavaThread "Catalina-utility-2" [_thread_blocked, id=22392, stack(0x00000000229e0000,0x0000000022ae0000)]
  0x000000002163b800 JavaThread "Catalina-utility-1" [_thread_blocked, id=8660, stack(0x0000000020910000,0x0000000020a10000)]
  0x000000001ece8800 JavaThread "Service Thread" daemon [_thread_blocked, id=18136, stack(0x000000001f890000,0x000000001f990000)]
  0x000000001eccd000 JavaThread "C1 CompilerThread3" daemon [_thread_blocked, id=19380, stack(0x000000001f790000,0x000000001f890000)]
  0x000000001ecc5800 JavaThread "C2 CompilerThread2" daemon [_thread_blocked, id=25416, stack(0x000000001f690000,0x000000001f790000)]
  0x000000001ecc2000 JavaThread "C2 CompilerThread1" daemon [_thread_blocked, id=22572, stack(0x000000001f590000,0x000000001f690000)]
  0x000000001ecc0000 JavaThread "C2 CompilerThread0" daemon [_thread_blocked, id=11964, stack(0x000000001f490000,0x000000001f590000)]
  0x000000001cdde000 JavaThread "Attach Listener" daemon [_thread_blocked, id=18956, stack(0x000000001f390000,0x000000001f490000)]
  0x000000001cddd800 JavaThread "Signal Dispatcher" daemon [_thread_blocked, id=16832, stack(0x000000001f290000,0x000000001f390000)]
  0x000000001ecb0800 JavaThread "Finalizer" daemon [_thread_blocked, id=22516, stack(0x000000001f090000,0x000000001f190000)]
  0x000000001cdcd800 JavaThread "Reference Handler" daemon [_thread_blocked, id=26192, stack(0x000000001eb90000,0x000000001ec90000)]

Other Threads:
  0x000000001cdc9800 VMThread [stack: 0x000000001ea90000,0x000000001eb90000] [id=22500]
  0x000000001ed79000 WatcherThread [stack: 0x000000001f990000,0x000000001fa90000] [id=11532]

VM state:not at safepoint (normal execution)

VM Mutex/Monitor currently owned by a thread: None

Heap:
 PSYoungGen      total 116736K, used 27117K [0x000000076b400000, 0x0000000774800000, 0x00000007c0000000)
  eden space 107008K, 16% used [0x000000076b400000,0x000000076c512bb8,0x0000000771c80000)
  from space 9728K, 99% used [0x0000000773e80000,0x00000007747e8b30,0x0000000774800000)
  to   space 10752K, 0% used [0x0000000773300000,0x0000000773300000,0x0000000773d80000)
 ParOldGen       total 93184K, used 5803K [0x00000006c1c00000, 0x00000006c7700000, 0x000000076b400000)
  object space 93184K, 6% used [0x00000006c1c00000,0x00000006c21aaf68,0x00000006c7700000)
 Metaspace       used 29983K, capacity 31696K, committed 31872K, reserved 1077248K
  class space    used 4038K, capacity 4359K, committed 4480K, reserved 1048576K

Card table byte_map: [0x0000000012770000,0x0000000012f70000] byte_map_base: 0x000000000f162000

Marking Bits: (ParMarkBitMap*) 0x0000000073bf2d00
 Begin Bits: [0x0000000013cc0000, 0x0000000017c50000)
 End Bits:   [0x0000000017c50000, 0x000000001bbe0000)

Polling page: 0x0000000001930000

CodeCache: size=245760Kb used=5355Kb max_used=5355Kb free=240404Kb
 bounds [0x00000000033b0000, 0x00000000038f0000, 0x00000000123b0000]
 total_blobs=3070 nmethods=2623 adapters=359
 compilation: enabled

Compilation events (10 events):
Event: 10.612 Thread 0x000000001eccd000 2619       1       com.fasterxml.jackson.databind.type.TypeFactory::_findWellKnownSimple (64 bytes)
Event: 10.612 Thread 0x000000001eccd000 nmethod 2619 0x00000000038e7690 code [0x00000000038e7800, 0x00000000038e7a28]
Event: 10.613 Thread 0x000000001eccd000 2620       1       com.fasterxml.jackson.databind.cfg.BaseSettings::getTypeFactory (5 bytes)
Event: 10.613 Thread 0x000000001eccd000 nmethod 2620 0x00000000038e7ad0 code [0x00000000038e7c20, 0x00000000038e7d30]
Event: 10.614 Thread 0x000000001eccd000 2621       1       com.fasterxml.jackson.databind.introspect.BasicBeanDescription::getClassInfo (5 bytes)
Event: 10.614 Thread 0x000000001eccd000 nmethod 2621 0x00000000038e7d90 code [0x00000000038e7ee0, 0x00000000038e7ff0]
Event: 10.615 Thread 0x000000001eccd000 2622       1       com.fasterxml.jackson.databind.PropertyName::getSimpleName (5 bytes)
Event: 10.616 Thread 0x000000001eccd000 nmethod 2622 0x00000000038e8050 code [0x00000000038e81a0, 0x00000000038e82b0]
Event: 10.618 Thread 0x000000001eccd000 2623       1       java.util.LinkedHashMap::entrySet (27 bytes)
Event: 10.618 Thread 0x000000001eccd000 nmethod 2623 0x00000000038e8310 code [0x00000000038e8460, 0x00000000038e8610]

GC Heap History (10 events):
Event: 1.745 GC heap before
{Heap before GC invocations=1 (full 0):
 PSYoungGen      total 76288K, used 65536K [0x000000076b400000, 0x0000000770900000, 0x00000007c0000000)
  eden space 65536K, 100% used [0x000000076b400000,0x000000076f400000,0x000000076f400000)
  from space 10752K, 0% used [0x000000076fe80000,0x000000076fe80000,0x0000000770900000)
  to   space 10752K, 0% used [0x000000076f400000,0x000000076f400000,0x000000076fe80000)
 ParOldGen       total 175104K, used 0K [0x00000006c1c00000, 0x00000006cc700000, 0x000000076b400000)
  object space 175104K, 0% used [0x00000006c1c00000,0x00000006c1c00000,0x00000006cc700000)
 Metaspace       used 14051K, capacity 14534K, committed 14592K, reserved 1062912K
  class space    used 1889K, capacity 2022K, committed 2048K, reserved 1048576K
Event: 1.759 GC heap after
Heap after GC invocations=1 (full 0):
 PSYoungGen      total 76288K, used 9076K [0x000000076b400000, 0x0000000770900000, 0x00000007c0000000)
  eden space 65536K, 0% used [0x000000076b400000,0x000000076b400000,0x000000076f400000)
  from space 10752K, 84% used [0x000000076f400000,0x000000076fcdd3f0,0x000000076fe80000)
  to   space 10752K, 0% used [0x000000076fe80000,0x000000076fe80000,0x0000000770900000)
 ParOldGen       total 175104K, used 16K [0x00000006c1c00000, 0x00000006cc700000, 0x000000076b400000)
  object space 175104K, 0% used [0x00000006c1c00000,0x00000006c1c04000,0x00000006cc700000)
 Metaspace       used 14051K, capacity 14534K, committed 14592K, reserved 1062912K
  class space    used 1889K, capacity 2022K, committed 2048K, reserved 1048576K
}
Event: 2.740 GC heap before
{Heap before GC invocations=2 (full 0):
 PSYoungGen      total 76288K, used 74612K [0x000000076b400000, 0x0000000770900000, 0x00000007c0000000)
  eden space 65536K, 100% used [0x000000076b400000,0x000000076f400000,0x000000076f400000)
  from space 10752K, 84% used [0x000000076f400000,0x000000076fcdd3f0,0x000000076fe80000)
  to   space 10752K, 0% used [0x000000076fe80000,0x000000076fe80000,0x0000000770900000)
 ParOldGen       total 175104K, used 16K [0x00000006c1c00000, 0x00000006cc700000, 0x000000076b400000)
  object space 175104K, 0% used [0x00000006c1c00000,0x00000006c1c04000,0x00000006cc700000)
 Metaspace       used 20235K, capacity 21026K, committed 21120K, reserved 1067008K
  class space    used 2732K, capacity 2924K, committed 2944K, reserved 1048576K
Event: 2.755 GC heap after
Heap after GC invocations=2 (full 0):
 PSYoungGen      total 76288K, used 10725K [0x000000076b400000, 0x0000000774900000, 0x00000007c0000000)
  eden space 65536K, 0% used [0x000000076b400000,0x000000076b400000,0x000000076f400000)
  from space 10752K, 99% used [0x000000076fe80000,0x00000007708f94a8,0x0000000770900000)
  to   space 10752K, 0% used [0x000000076f400000,0x000000076f400000,0x000000076fe80000)
 ParOldGen       total 175104K, used 1100K [0x00000006c1c00000, 0x00000006cc700000, 0x000000076b400000)
  object space 175104K, 0% used [0x00000006c1c00000,0x00000006c1d133f0,0x00000006cc700000)
 Metaspace       used 20235K, capacity 21026K, committed 21120K, reserved 1067008K
  class space    used 2732K, capacity 2924K, committed 2944K, reserved 1048576K
}
Event: 2.814 GC heap before
{Heap before GC invocations=3 (full 0):
 PSYoungGen      total 76288K, used 13147K [0x000000076b400000, 0x0000000774900000, 0x00000007c0000000)
  eden space 65536K, 3% used [0x000000076b400000,0x000000076b65daa8,0x000000076f400000)
  from space 10752K, 99% used [0x000000076fe80000,0x00000007708f94a8,0x0000000770900000)
  to   space 10752K, 0% used [0x000000076f400000,0x000000076f400000,0x000000076fe80000)
 ParOldGen       total 175104K, used 1100K [0x00000006c1c00000, 0x00000006cc700000, 0x000000076b400000)
  object space 175104K, 0% used [0x00000006c1c00000,0x00000006c1d133f0,0x00000006cc700000)
 Metaspace       used 20328K, capacity 21134K, committed 21248K, reserved 1067008K
  class space    used 2747K, capacity 2958K, committed 3072K, reserved 1048576K
Event: 2.830 GC heap after
Heap after GC invocations=3 (full 0):
 PSYoungGen      total 76288K, used 5958K [0x000000076b400000, 0x0000000774900000, 0x00000007c0000000)
  eden space 65536K, 0% used [0x000000076b400000,0x000000076b400000,0x000000076f400000)
  from space 10752K, 55% used [0x000000076f400000,0x000000076f9d1b68,0x000000076fe80000)
  to   space 10752K, 0% used [0x0000000773e80000,0x0000000773e80000,0x0000000774900000)
 ParOldGen       total 175104K, used 1108K [0x00000006c1c00000, 0x00000006cc700000, 0x000000076b400000)
  object space 175104K, 0% used [0x00000006c1c00000,0x00000006c1d153f0,0x00000006cc700000)
 Metaspace       used 20328K, capacity 21134K, committed 21248K, reserved 1067008K
  class space    used 2747K, capacity 2958K, committed 3072K, reserved 1048576K
}
Event: 2.830 GC heap before
{Heap before GC invocations=4 (full 1):
 PSYoungGen      total 76288K, used 5958K [0x000000076b400000, 0x0000000774900000, 0x00000007c0000000)
  eden space 65536K, 0% used [0x000000076b400000,0x000000076b400000,0x000000076f400000)
  from space 10752K, 55% used [0x000000076f400000,0x000000076f9d1b68,0x000000076fe80000)
  to   space 10752K, 0% used [0x0000000773e80000,0x0000000773e80000,0x0000000774900000)
 ParOldGen       total 175104K, used 1108K [0x00000006c1c00000, 0x00000006cc700000, 0x000000076b400000)
  object space 175104K, 0% used [0x00000006c1c00000,0x00000006c1d153f0,0x00000006cc700000)
 Metaspace       used 20328K, capacity 21134K, committed 21248K, reserved 1067008K
  class space    used 2747K, capacity 2958K, committed 3072K, reserved 1048576K
Event: 2.929 GC heap after
Heap after GC invocations=4 (full 1):
 PSYoungGen      total 76288K, used 0K [0x000000076b400000, 0x0000000774900000, 0x00000007c0000000)
  eden space 65536K, 0% used [0x000000076b400000,0x000000076b400000,0x000000076f400000)
  from space 10752K, 0% used [0x000000076f400000,0x000000076f400000,0x000000076fe80000)
  to   space 10752K, 0% used [0x0000000773e80000,0x0000000773e80000,0x0000000774900000)
 ParOldGen       total 93184K, used 5795K [0x00000006c1c00000, 0x00000006c7700000, 0x000000076b400000)
  object space 93184K, 6% used [0x00000006c1c00000,0x00000006c21a8f68,0x00000006c7700000)
 Metaspace       used 20327K, capacity 21128K, committed 21248K, reserved 1067008K
  class space    used 2746K, capacity 2957K, committed 3072K, reserved 1048576K
}
Event: 6.792 GC heap before
{Heap before GC invocations=5 (full 1):
 PSYoungGen      total 76288K, used 65536K [0x000000076b400000, 0x0000000774900000, 0x00000007c0000000)
  eden space 65536K, 100% used [0x000000076b400000,0x000000076f400000,0x000000076f400000)
  from space 10752K, 0% used [0x000000076f400000,0x000000076f400000,0x000000076fe80000)
  to   space 10752K, 0% used [0x0000000773e80000,0x0000000773e80000,0x0000000774900000)
 ParOldGen       total 93184K, used 5795K [0x00000006c1c00000, 0x00000006c7700000, 0x000000076b400000)
  object space 93184K, 6% used [0x00000006c1c00000,0x00000006c21a8f68,0x00000006c7700000)
 Metaspace       used 27493K, capacity 29064K, committed 29184K, reserved 1075200K
  class space    used 3740K, capacity 4047K, committed 4096K, reserved 1048576K
Event: 6.808 GC heap after
Heap after GC invocations=5 (full 1):
 PSYoungGen      total 116736K, used 9634K [0x000000076b400000, 0x0000000774800000, 0x00000007c0000000)
  eden space 107008K, 0% used [0x000000076b400000,0x000000076b400000,0x0000000771c80000)
  from space 9728K, 99% used [0x0000000773e80000,0x00000007747e8b30,0x0000000774800000)
  to   space 10752K, 0% used [0x0000000773300000,0x0000000773300000,0x0000000773d80000)
 ParOldGen       total 93184K, used 5803K [0x00000006c1c00000, 0x00000006c7700000, 0x000000076b400000)
  object space 93184K, 6% used [0x00000006c1c00000,0x00000006c21aaf68,0x00000006c7700000)
 Metaspace       used 27493K, capacity 29064K, committed 29184K, reserved 1075200K
  class space    used 3740K, capacity 4047K, committed 4096K, reserved 1048576K
}

Deoptimization events (0 events):
No events

Classes redefined (0 events):
No events

Internal exceptions (10 events):
Event: 7.133 Thread 0x00000000217e9000 Exception <a 'java/lang/ArrayIndexOutOfBoundsException'> (0x000000076bebfe08) thrown at [C:\re\workspace\8-2-build-windows-amd64-cygwin\jdk8u181\11358\hotspot\src\share\vm\runtime\sharedRuntime.cpp, line 605]
Event: 7.135 Thread 0x00000000217e9000 Exception <a 'java/lang/ArrayIndexOutOfBoundsException'> (0x000000076bec39a8) thrown at [C:\re\workspace\8-2-build-windows-amd64-cygwin\jdk8u181\11358\hotspot\src\share\vm\runtime\sharedRuntime.cpp, line 605]
Event: 10.538 Thread 0x00000000217ed800 Exception <a 'java/lang/ArrayIndexOutOfBoundsException'> (0x000000076c1d1af0) thrown at [C:\re\workspace\8-2-build-windows-amd64-cygwin\jdk8u181\11358\hotspot\src\share\vm\runtime\sharedRuntime.cpp, line 605]
Event: 10.539 Thread 0x00000000217ed800 Exception <a 'java/lang/ArrayIndexOutOfBoundsException'> (0x000000076c1d3cb0) thrown at [C:\re\workspace\8-2-build-windows-amd64-cygwin\jdk8u181\11358\hotspot\src\share\vm\runtime\sharedRuntime.cpp, line 605]
Event: 10.584 Thread 0x00000000217ed800 Exception <a 'java/lang/ArrayIndexOutOfBoundsException'> (0x000000076c2d6b50) thrown at [C:\re\workspace\8-2-build-windows-amd64-cygwin\jdk8u181\11358\hotspot\src\share\vm\runtime\sharedRuntime.cpp, line 605]
Event: 10.584 Thread 0x00000000217ed800 Exception <a 'java/lang/ArrayIndexOutOfBoundsException'> (0x000000076c2d8190) thrown at [C:\re\workspace\8-2-build-windows-amd64-cygwin\jdk8u181\11358\hotspot\src\share\vm\runtime\sharedRuntime.cpp, line 605]
Event: 10.591 Thread 0x00000000217ed800 Exception <a 'java/lang/ArrayIndexOutOfBoundsException'> (0x000000076c2db7c0) thrown at [C:\re\workspace\8-2-build-windows-amd64-cygwin\jdk8u181\11358\hotspot\src\share\vm\runtime\sharedRuntime.cpp, line 605]
Event: 10.606 Thread 0x00000000217ed800 Exception <a 'java/lang/ArrayIndexOutOfBoundsException'> (0x000000076c305710) thrown at [C:\re\workspace\8-2-build-windows-amd64-cygwin\jdk8u181\11358\hotspot\src\share\vm\runtime\sharedRuntime.cpp, line 605]
Event: 10.607 Thread 0x00000000217ed800 Exception <a 'java/lang/ArrayIndexOutOfBoundsException'> (0x000000076c3074e0) thrown at [C:\re\workspace\8-2-build-windows-amd64-cygwin\jdk8u181\11358\hotspot\src\share\vm\runtime\sharedRuntime.cpp, line 605]
Event: 10.608 Thread 0x00000000217ed800 Exception <a 'java/lang/ArrayIndexOutOfBoundsException'> (0x000000076c30a140) thrown at [C:\re\workspace\8-2-build-windows-amd64-cygwin\jdk8u181\11358\hotspot\src\share\vm\runtime\sharedRuntime.cpp, line 605]

Events (10 events):
Event: 10.667 Executing VM operation: RevokeBias
Event: 10.667 Executing VM operation: RevokeBias done
Event: 10.668 loading class Model/Data/SQL/QueryObjects/CommandTypes/Action
Event: 10.668 loading class Model/Data/SQL/QueryObjects/CommandTypes/Action done
Event: 10.668 loading class Model/Data/SQL/QueryObjects/CommandTypes/Command
Event: 10.668 loading class Model/Data/SQL/QueryObjects/CommandTypes/Command done
Event: 10.669 loading class Model/Data/SQL/QueryObjects/CommandTypes/Query
Event: 10.669 loading class Model/Data/SQL/QueryObjects/CommandTypes/Query done
Event: 10.671 loading class org/sqlite/ExtendedCommand
Event: 10.671 loading class org/sqlite/ExtendedCommand done


Dynamic libraries:
0x00007ff79b890000 - 0x00007ff79b8c7000 	C:\Program Files\Java\jdk1.8.0_181\bin\java.exe
0x00007ff99eae0000 - 0x00007ff99ecd0000 	C:\WINDOWS\SYSTEM32\ntdll.dll
0x00007ff99dac0000 - 0x00007ff99db72000 	C:\WINDOWS\System32\KERNEL32.DLL
0x00007ff99ba70000 - 0x00007ff99bd13000 	C:\WINDOWS\System32\KERNELBASE.dll
0x00007ff99e0f0000 - 0x00007ff99e193000 	C:\WINDOWS\System32\ADVAPI32.dll
0x00007ff99cde0000 - 0x00007ff99ce7e000 	C:\WINDOWS\System32\msvcrt.dll
0x00007ff99ccb0000 - 0x00007ff99cd47000 	C:\WINDOWS\System32\sechost.dll
0x00007ff99d840000 - 0x00007ff99d960000 	C:\WINDOWS\System32\RPCRT4.dll
0x00007ff99d6a0000 - 0x00007ff99d834000 	C:\WINDOWS\System32\USER32.dll
0x00007ff99bd80000 - 0x00007ff99bda1000 	C:\WINDOWS\System32\win32u.dll
0x00007ff99cdb0000 - 0x00007ff99cdd6000 	C:\WINDOWS\System32\GDI32.dll
0x00007ff99c9f0000 - 0x00007ff99cb84000 	C:\WINDOWS\System32\gdi32full.dll
0x00007ff99c6e0000 - 0x00007ff99c77e000 	C:\WINDOWS\System32\msvcp_win.dll
0x00007ff99c5e0000 - 0x00007ff99c6da000 	C:\WINDOWS\System32\ucrtbase.dll
0x00007ff98baa0000 - 0x00007ff98bd25000 	C:\WINDOWS\WinSxS\amd64_microsoft.windows.common-controls_6595b64144ccf1df_6.0.18362.657_none_e6c5b579130e3898\COMCTL32.dll
0x00007ff99dc50000 - 0x00007ff99df86000 	C:\WINDOWS\System32\combase.dll
0x00007ff99c780000 - 0x00007ff99c800000 	C:\WINDOWS\System32\bcryptPrimitives.dll
0x00007ff99df90000 - 0x00007ff99dfbe000 	C:\WINDOWS\System32\IMM32.DLL
0x0000000074cd0000 - 0x0000000074da2000 	C:\Program Files\Java\jdk1.8.0_181\jre\bin\msvcr100.dll
0x00000000733d0000 - 0x0000000073c72000 	C:\Program Files\Java\jdk1.8.0_181\jre\bin\server\jvm.dll
0x00007ff99d690000 - 0x00007ff99d698000 	C:\WINDOWS\System32\PSAPI.DLL
0x00007ff988e50000 - 0x00007ff988e59000 	C:\WINDOWS\SYSTEM32\WSOCK32.dll
0x00007ff9981f0000 - 0x00007ff998214000 	C:\WINDOWS\SYSTEM32\WINMM.dll
0x00007ff994780000 - 0x00007ff99478a000 	C:\WINDOWS\SYSTEM32\VERSION.dll
0x00007ff99dbe0000 - 0x00007ff99dc4f000 	C:\WINDOWS\System32\WS2_32.dll
0x00007ff9981c0000 - 0x00007ff9981ed000 	C:\WINDOWS\SYSTEM32\WINMMBASE.dll
0x00007ff99c830000 - 0x00007ff99c87a000 	C:\WINDOWS\System32\cfgmgr32.dll
0x0000000074e30000 - 0x0000000074e3f000 	C:\Program Files\Java\jdk1.8.0_181\jre\bin\verify.dll
0x0000000074ca0000 - 0x0000000074cc9000 	C:\Program Files\Java\jdk1.8.0_181\jre\bin\java.dll
0x0000000074c80000 - 0x0000000074c96000 	C:\Program Files\Java\jdk1.8.0_181\jre\bin\zip.dll
0x00007ff99e3b0000 - 0x00007ff99ea95000 	C:\WINDOWS\System32\SHELL32.dll
0x00007ff99e1b0000 - 0x00007ff99e259000 	C:\WINDOWS\System32\shcore.dll
0x00007ff99bdb0000 - 0x00007ff99c52f000 	C:\WINDOWS\System32\windows.storage.dll
0x00007ff99ba50000 - 0x00007ff99ba6f000 	C:\WINDOWS\System32\profapi.dll
0x00007ff99b9e0000 - 0x00007ff99ba2a000 	C:\WINDOWS\System32\powrprof.dll
0x00007ff99b9b0000 - 0x00007ff99b9c0000 	C:\WINDOWS\System32\UMPDC.dll
0x00007ff99cd50000 - 0x00007ff99cda2000 	C:\WINDOWS\System32\shlwapi.dll
0x00007ff99b9c0000 - 0x00007ff99b9d1000 	C:\WINDOWS\System32\kernel.appcore.dll
0x00007ff99c9d0000 - 0x00007ff99c9e7000 	C:\WINDOWS\System32\cryptsp.dll
0x00007ff99ad90000 - 0x00007ff99adc3000 	C:\WINDOWS\system32\rsaenh.dll
0x00007ff99c800000 - 0x00007ff99c826000 	C:\WINDOWS\System32\bcrypt.dll
0x00007ff99b8d0000 - 0x00007ff99b8f5000 	C:\WINDOWS\SYSTEM32\USERENV.dll
0x00007ff99b3f0000 - 0x00007ff99b3fc000 	C:\WINDOWS\SYSTEM32\CRYPTBASE.dll
0x0000000074c60000 - 0x0000000074c7a000 	C:\Program Files\Java\jdk1.8.0_181\jre\bin\net.dll
0x00007ff99b220000 - 0x00007ff99b287000 	C:\WINDOWS\system32\mswsock.dll
0x00007ff99af30000 - 0x00007ff99af6a000 	C:\WINDOWS\SYSTEM32\IPHLPAPI.DLL
0x00007ff99e1a0000 - 0x00007ff99e1a8000 	C:\WINDOWS\System32\NSI.dll
0x00007ff990840000 - 0x00007ff990856000 	C:\WINDOWS\SYSTEM32\dhcpcsvc6.DLL
0x00007ff9907c0000 - 0x00007ff9907dc000 	C:\WINDOWS\SYSTEM32\dhcpcsvc.DLL
0x00007ff99af70000 - 0x00007ff99b03a000 	C:\WINDOWS\SYSTEM32\DNSAPI.dll
0x0000000074c40000 - 0x0000000074c51000 	C:\Program Files\Java\jdk1.8.0_181\jre\bin\nio.dll
0x000000006d580000 - 0x000000006d63d000 	C:\Users\dpk14\AppData\Local\Temp\sqlite-3.8.11.2-1b54f0b5-1be1-4877-bcdc-ab9833ce8162-sqlitejdbc.dll
0x0000000074c30000 - 0x0000000074c3d000 	C:\Program Files\Java\jdk1.8.0_181\jre\bin\management.dll
0x00007ff97b3f0000 - 0x00007ff97b406000 	C:\WINDOWS\system32\napinsp.dll
0x00007ff97b120000 - 0x00007ff97b13a000 	C:\WINDOWS\system32\pnrpnsp.dll
0x00007ff97b110000 - 0x00007ff97b11e000 	C:\WINDOWS\System32\winrnr.dll
0x00007ff997e60000 - 0x00007ff997e7c000 	C:\WINDOWS\system32\NLAapi.dll
0x00007ff9974c0000 - 0x00007ff9974d5000 	C:\WINDOWS\system32\wshbth.dll
0x00007ff994750000 - 0x00007ff99475a000 	C:\Windows\System32\rasadhlp.dll
0x00007ff9900c0000 - 0x00007ff990137000 	C:\WINDOWS\System32\fwpuclnt.dll
0x00007ff99a240000 - 0x00007ff99a434000 	C:\WINDOWS\SYSTEM32\dbghelp.dll

VM Arguments:
jvm_args: -Xverify:none -XX:TieredStopAtLevel=1 -Dfile.encoding=windows-1252 -Duser.country=US -Duser.language=en -Duser.variant 
java_command: Controller.Application dpk14 12345 test1.db -Dserver.port=8090y
java_class_path (initial): C:\Users\dpk14\Thinktionary\build\classes\java\main;C:\Users\dpk14\Thinktionary\build\resources\main;C:\Users\dpk14\.gradle\caches\modules-2\files-2.1\org.springframework.boot\spring-boot-starter-web\2.2.1.RELEASE\689213aca6e25e2aa9b377e61273aa3d31f30f60\spring-boot-starter-web-2.2.1.RELEASE.jar;C:\Users\dpk14\.gradle\caches\modules-2\files-2.1\org.springframework.boot\spring-boot-starter-json\2.2.1.RELEASE\2d9f5ad8a76edcf3c610e0f825d9c01563a6900a\spring-boot-starter-json-2.2.1.RELEASE.jar;C:\Users\dpk14\.gradle\caches\modules-2\files-2.1\com.fasterxml.jackson.datatype\jackson-datatype-jdk8\2.10.0\ac9b5e4ec02f243c580113c0c58564d90432afaa\jackson-datatype-jdk8-2.10.0.jar;C:\Users\dpk14\.gradle\caches\modules-2\files-2.1\com.fasterxml.jackson.datatype\jackson-datatype-jsr310\2.10.0\946bcb4b3ba9facfb338b1d48c2606225205a70c\jackson-datatype-jsr310-2.10.0.jar;C:\Users\dpk14\.gradle\caches\modules-2\files-2.1\com.fasterxml.jackson.module\jackson-module-parameter-names\2.10.0\d7ae5421ab27486429aeb878b7e3937544d9324a\jackson-module-parameter-names-2.10.0.jar;C:\Users\dpk14\.gradle\caches\modules-2\files-2.1\com.fasterxml.jackson.core\jackson-databind\2.9.4\498bbc3b94f566982c7f7c6d4d303fce365529be\jackson-databind-2.9.4.jar;C:\Users\dpk14\.gradle\caches\modules-2\files-2.1\com.fasterxml.jackson.core\jackson-core\2.9.4\a9a71ec1aa37da47db168fede9a4a5fb5e374320\jackson-core-2.9.4.jar;C:\Users\dpk14\.gradle\caches\modules-2\files-2.1\com.fasterxml.jackson.core\jackson-annotations\2.9.4\1380b592ad70439346b5d954ad202be048451c5a\jackson-annotations-2.9.4.jar;C:\Users\dpk14\.gradle\caches\modules-2\files-2.1\org.xerial\sqlite-jdbc\3.8.11.2\dec208cba8debb0a8b9204b08d8d887d63041f0f\sqlite-jdbc-3.8.11.2.jar;C:\Users\dpk14\.gradle\caches\modules-2\files-2.1\org.springframework.boot\spring-boot-starter-validation\2.2.1.RELEASE\ea5bd9055951afe28f64a96524bfd0bf0d362313\spring-boot-starter-validation-2.2.1.RELEASE.jar;C:\Users\dpk14\.gradle\caches\modules-2\file
Launcher Type: SUN_STANDARD

Environment Variables:
CLASSPATH=C:\Gradle\gradle-6.0.1-bin\gradle-6.0.1\bin\..\lib\gradle-launcher-6.0.1.jar
PATH=C:\Program Files (x86)\Common Files\Oracle\Java\javapath;C:\Program Files (x86)\Intel\iCLS Client\;C:\Program Files\Intel\iCLS Client\;C:\windows\system32;C:\windows;C:\windows\System32\Wbem;C:\windows\System32\WindowsPowerShell\v1.0\;C:\Program Files (x86)\Intel\Intel(R) Management Engine Components\DAL;C:\Program Files\Intel\Intel(R) Management Engine Components\DAL;C:\Program Files (x86)\Intel\Intel(R) Management Engine Components\IPT;C:\Program Files\Intel\Intel(R) Management Engine Components\IPT;C:\Program Files (x86)\NVIDIA Corporation\PhysX\Common;C:\WINDOWS\system32;C:\WINDOWS;C:\WINDOWS\System32\Wbem;C:\WINDOWS\System32\WindowsPowerShell\v1.0\;C:\WINDOWS\System32\OpenSSH\;C:\Program Files (x86)\PharosSystems\Core;C:\Program Files\MATLAB\R2018a\bin;C:\Program Files\Git\cmd;C:\Program Files\Microsoft SQL Server\Client SDK\ODBC\110\Tools\Binn\;C:\Program Files (x86)\Microsoft SQL Server\120\Tools\Binn\;C:\Program Files\Microsoft SQL Server\120\Tools\Binn\;C:\Program Files\Microsoft SQL Server\120\DTS\Binn\;C:\Program Files (x86)\Windows Kits\8.1\Windows Performance Toolkit\;C:\Program Files\Microsoft VS Code\bin;C:\Program Files\PuTTY\;C:\Program Files (x86)\IVI Foundation\VISA\WinNT\Bin\;C:\Program Files\IVI Foundation\VISA\Win64\Bin\;C:\Program Files (x86)\IVI Foundation\VISA\WinNT\Bin;C:\Program Files\Intel\WiFi\bin\;C:\Program Files\Common Files\Intel\WirelessCommon\;C:\Gradle\gradle-6.0.1-bin\gradle-6.0.1\bin;C:\Program Files\nodejs\;C:\Python27\;C:\Python27\Scripts;C:\Users\dpk14\AppData\Local\Microsoft\WindowsApps;C:\Users\dpk14\AppData\Local\GitHubDesktop\bin;C:\Users\dpk14\AppData\Local\Programs\Microsoft VS Code\bin;C:\Users\dpk14\AppData\Local\Microsoft\WindowsApps;C:\Users\dpk14\AppData\Roaming\npm
USERNAME=dpk14
OS=Windows_NT
PROCESSOR_IDENTIFIER=Intel64 Family 6 Model 142 Stepping 10, GenuineIntel



---------------  S Y S T E M  ---------------

OS: Windows 10.0 , 64 bit Build 18362 (10.0.18362.329)

CPU:total 8 (initial active 8) (4 cores per cpu, 2 threads per core) family 6 model 142 stepping 10, cmov, cx8, fxsr, mmx, sse, sse2, sse3, ssse3, sse4.1, sse4.2, popcnt, avx, avx2, aes, clmul, erms, 3dnowpref, lzcnt, ht, tsc, tscinvbit, bmi1, bmi2, adx

Memory: 4k page, physical 16660996k(5817740k free), swap 24525316k(5558728k free)

vm_info: Java HotSpot(TM) 64-Bit Server VM (25.181-b13) for windows-amd64 JRE (1.8.0_181-b13), built on Jul  7 2018 04:01:33 by "java_re" with MS VC++ 10.0 (VS2010)

time: Wed Feb 26 19:35:03 2020
elapsed time: 10 seconds (0d 0h 0m 10s)

