#
# A fatal error has been detected by the Java Runtime Environment:
#
#  EXCEPTION_ACCESS_VIOLATION (0xc0000005) at pc=0x0000000073515ed2, pid=14224, tid=0x0000000000005498
#
# JRE version: Java(TM) SE Runtime Environment (8.0_181-b13) (build 1.8.0_181-b13)
# Java VM: Java HotSpot(TM) 64-Bit Server VM (25.181-b13 mixed mode windows-amd64 compressed oops)
# Problematic frame:
# V  [jvm.dll+0x145ed2]
#
# Failed to write core dump. Minidumps are not enabled by default on client versions of Windows
#
# If you would like to submit a bug report, please visit:
#   http://bugreport.java.com/bugreport/crash.jsp
#

---------------  T H R E A D  ---------------

Current thread (0x00000000213a2000):  JavaThread "http-nio-8090-exec-3" daemon [_thread_in_vm, id=21656, stack(0x0000000022c80000,0x0000000022d80000)]

siginfo: ExceptionCode=0xc0000005, reading address 0x0000000000000000

Registers:
RAX=0x0000000000000000, RBX=0x00000000213a2000, RCX=0x0000000000000200, RDX=0x0000000000000000
RSP=0x0000000022d7ce00, RBP=0x0000000000000000, RSI=0x0000000000000000, RDI=0x0000000000000000
R8 =0x0000000000000000, R9 =0x000000076c8e3770, R10=0x000000000000005e, R11=0x0000000073be4970
R12=0x0000000000bdddb8, R13=0x000000001c3a3018, R14=0x0000000022d7cf98, R15=0x00000000213a2000
RIP=0x0000000073515ed2, EFLAGS=0x0000000000010202

Top of Stack: (sp=0x0000000022d7ce00)
0x0000000022d7ce00:   000000001fe175f0 00000000000000b4
0x0000000022d7ce10:   0000000022d7cf80 0000000000000003
0x0000000022d7ce20:   00000000213a2000 0000000000000000
0x0000000022d7ce30:   0000000023747b18 0000000022d7cf80
0x0000000022d7ce40:   0000000022d7ced0 000000007346b3ef
0x0000000022d7ce50:   0000000022d7cf60 000000001fe175f0
0x0000000022d7ce60:   00000000000000b4 00000000213a21f8
0x0000000022d7ce70:   0000000000000000 000000006d58204d
0x0000000022d7ce80:   0000000022d7cf98 0000000000000001
0x0000000022d7ce90:   0000000022d7ced0 00000000213a21f8
0x0000000022d7cea0:   00000000213a2000 0000000073488ad9
0x0000000022d7ceb0:   00000007c0445a58 0000000000000000
0x0000000022d7cec0:   000000001c3a3020 0000000050200021
0x0000000022d7ced0:   0000000000000001 0000000022d7cf70
0x0000000022d7cee0:   0000000000000000 0000000002f597db
0x0000000022d7cef0:   0000000022d7d060 0000000022d7d018 

Instructions: (pc=0x0000000073515ed2)
0x0000000073515eb2:   89 5c 24 20 48 89 74 24 28 48 39 73 08 74 0a 48
0x0000000073515ec2:   8d 4c 24 20 e8 45 7a 13 00 40 38 35 9e da 6c 00
0x0000000073515ed2:   48 8b 3f 48 63 05 f8 39 6b 00 74 1b 8b 0c 38 85
0x0000000073515ee2:   c9 74 7c 8b c1 8b 0d 6b 09 66 00 48 d3 e0 48 03 


Register to memory mapping:

RAX=0x0000000000000000 is an unknown value
RBX=0x00000000213a2000 is a thread
RCX=0x0000000000000200 is an unknown value
RDX=0x0000000000000000 is an unknown value
RSP=0x0000000022d7ce00 is pointing into the stack for thread: 0x00000000213a2000
RBP=0x0000000000000000 is an unknown value
RSI=0x0000000000000000 is an unknown value
RDI=0x0000000000000000 is an unknown value
R8 =0x0000000000000000 is an unknown value
R9 =0x000000076c8e3770 is an oop
org.sqlite.core.NativeDB 
 - klass: 'org/sqlite/core/NativeDB'
R10=0x000000000000005e is an unknown value
R11=0x0000000073be4970 is an unknown value
R12=0x0000000000bdddb8 is an unknown value
R13=0x000000001c3a3018 is pointing into metadata
R14=0x0000000022d7cf98 is pointing into the stack for thread: 0x00000000213a2000
R15=0x00000000213a2000 is a thread


Stack: [0x0000000022c80000,0x0000000022d80000],  sp=0x0000000022d7ce00,  free space=1011k
Native frames: (J=compiled Java code, j=interpreted, Vv=VM code, C=native code)

Java frames: (J=compiled Java code, j=interpreted, Vv=VM code)
j  org.sqlite.core.NativeDB.prepare(Ljava/lang/String;)J+0
j  org.sqlite.core.DB.prepare(Lorg/sqlite/core/CoreStatement;)V+21
j  org.sqlite.jdbc3.JDBC3Statement.execute(Ljava/lang/String;)Z+35
j  Model.Data.Utils.DBUtils.executeCommandList(Ljava/util/List;Ljava/lang/String;Ljava/lang/String;Ljava/lang/String;)Ljava/util/List;+124
j  Model.Data.API.Run.JournalDBAPI.addToEntryInfo(LModel/API/Journal/Entry;)I+172
j  Model.API.Journal.Journal.createEntry(LModel/API/Journal/Entry;)I+20
j  Controller.RESTJournal.createEntry(ILController/EntryBuilder;)Lorg/springframework/http/ResponseEntity;+18
v  ~StubRoutines::call_stub
J 1941  sun.reflect.NativeMethodAccessorImpl.invoke0(Ljava/lang/reflect/Method;Ljava/lang/Object;[Ljava/lang/Object;)Ljava/lang/Object; (0 bytes) @ 0x00000000033380ff [0x0000000003338080+0x7f]
J 1940 C1 sun.reflect.NativeMethodAccessorImpl.invoke(Ljava/lang/Object;[Ljava/lang/Object;)Ljava/lang/Object; (104 bytes) @ 0x00000000033388a4 [0x00000000033384e0+0x3c4]
J 1512 C1 sun.reflect.DelegatingMethodAccessorImpl.invoke(Ljava/lang/Object;[Ljava/lang/Object;)Ljava/lang/Object; (10 bytes) @ 0x0000000003289d64 [0x0000000003289d20+0x44]
J 1511 C1 java.lang.reflect.Method.invoke(Ljava/lang/Object;[Ljava/lang/Object;)Ljava/lang/Object; (62 bytes) @ 0x0000000003289964 [0x0000000003289860+0x104]
j  org.springframework.web.method.support.InvocableHandlerMethod.doInvoke([Ljava/lang/Object;)Ljava/lang/Object;+16
j  org.springframework.web.method.support.InvocableHandlerMethod.invokeForRequest(Lorg/springframework/web/context/request/NativeWebRequest;Lorg/springframework/web/method/support/ModelAndViewContainer;[Ljava/lang/Object;)Ljava/lang/Object;+56
j  org.springframework.web.servlet.mvc.method.annotation.ServletInvocableHandlerMethod.invokeAndHandle(Lorg/springframework/web/context/request/ServletWebRequest;Lorg/springframework/web/method/support/ModelAndViewContainer;[Ljava/lang/Object;)V+4
j  org.springframework.web.servlet.mvc.method.annotation.RequestMappingHandlerAdapter.invokeHandlerMethod(Ljavax/servlet/http/HttpServletRequest;Ljavax/servlet/http/HttpServletResponse;Lorg/springframework/web/method/HandlerMethod;)Lorg/springframework/web/servlet/ModelAndView;+244
j  org.springframework.web.servlet.mvc.method.annotation.RequestMappingHandlerAdapter.handleInternal(Ljavax/servlet/http/HttpServletRequest;Ljavax/servlet/http/HttpServletResponse;Lorg/springframework/web/method/HandlerMethod;)Lorg/springframework/web/servlet/ModelAndView;+81
j  org.springframework.web.servlet.mvc.method.AbstractHandlerMethodAdapter.handle(Ljavax/servlet/http/HttpServletRequest;Ljavax/servlet/http/HttpServletResponse;Ljava/lang/Object;)Lorg/springframework/web/servlet/ModelAndView;+7
j  org.springframework.web.servlet.DispatcherServlet.doDispatch(Ljavax/servlet/http/HttpServletRequest;Ljavax/servlet/http/HttpServletResponse;)V+257
j  org.springframework.web.servlet.DispatcherServlet.doService(Ljavax/servlet/http/HttpServletRequest;Ljavax/servlet/http/HttpServletResponse;)V+212
j  org.springframework.web.servlet.FrameworkServlet.processRequest(Ljavax/servlet/http/HttpServletRequest;Ljavax/servlet/http/HttpServletResponse;)V+71
j  org.springframework.web.servlet.FrameworkServlet.doPost(Ljavax/servlet/http/HttpServletRequest;Ljavax/servlet/http/HttpServletResponse;)V+3
j  javax.servlet.http.HttpServlet.service(Ljavax/servlet/http/HttpServletRequest;Ljavax/servlet/http/HttpServletResponse;)V+149
j  org.springframework.web.servlet.FrameworkServlet.service(Ljavax/servlet/http/HttpServletRequest;Ljavax/servlet/http/HttpServletResponse;)V+33
j  javax.servlet.http.HttpServlet.service(Ljavax/servlet/ServletRequest;Ljavax/servlet/ServletResponse;)V+36
j  org.apache.catalina.core.ApplicationFilterChain.internalDoFilter(Ljavax/servlet/ServletRequest;Ljavax/servlet/ServletResponse;)V+304
j  org.apache.catalina.core.ApplicationFilterChain.doFilter(Ljavax/servlet/ServletRequest;Ljavax/servlet/ServletResponse;)V+101
j  org.apache.tomcat.websocket.server.WsFilter.doFilter(Ljavax/servlet/ServletRequest;Ljavax/servlet/ServletResponse;Ljavax/servlet/FilterChain;)V+21
j  org.apache.catalina.core.ApplicationFilterChain.internalDoFilter(Ljavax/servlet/ServletRequest;Ljavax/servlet/ServletResponse;)V+135
j  org.apache.catalina.core.ApplicationFilterChain.doFilter(Ljavax/servlet/ServletRequest;Ljavax/servlet/ServletResponse;)V+101
j  org.springframework.web.filter.RequestContextFilter.doFilterInternal(Ljavax/servlet/http/HttpServletRequest;Ljavax/servlet/http/HttpServletResponse;Ljavax/servlet/FilterChain;)V+21
j  org.springframework.web.filter.OncePerRequestFilter.doFilter(Ljavax/servlet/ServletRequest;Ljavax/servlet/ServletResponse;Ljavax/servlet/FilterChain;)V+147
j  org.apache.catalina.core.ApplicationFilterChain.internalDoFilter(Ljavax/servlet/ServletRequest;Ljavax/servlet/ServletResponse;)V+135
j  org.apache.catalina.core.ApplicationFilterChain.doFilter(Ljavax/servlet/ServletRequest;Ljavax/servlet/ServletResponse;)V+101
j  org.springframework.web.filter.FormContentFilter.doFilterInternal(Ljavax/servlet/http/HttpServletRequest;Ljavax/servlet/http/HttpServletResponse;Ljavax/servlet/FilterChain;)V+38
j  org.springframework.web.filter.OncePerRequestFilter.doFilter(Ljavax/servlet/ServletRequest;Ljavax/servlet/ServletResponse;Ljavax/servlet/FilterChain;)V+147
j  org.apache.catalina.core.ApplicationFilterChain.internalDoFilter(Ljavax/servlet/ServletRequest;Ljavax/servlet/ServletResponse;)V+135
j  org.apache.catalina.core.ApplicationFilterChain.doFilter(Ljavax/servlet/ServletRequest;Ljavax/servlet/ServletResponse;)V+101
j  org.springframework.web.filter.CharacterEncodingFilter.doFilterInternal(Ljavax/servlet/http/HttpServletRequest;Ljavax/servlet/http/HttpServletResponse;Ljavax/servlet/FilterChain;)V+53
j  org.springframework.web.filter.OncePerRequestFilter.doFilter(Ljavax/servlet/ServletRequest;Ljavax/servlet/ServletResponse;Ljavax/servlet/FilterChain;)V+147
j  org.apache.catalina.core.ApplicationFilterChain.internalDoFilter(Ljavax/servlet/ServletRequest;Ljavax/servlet/ServletResponse;)V+135
j  org.apache.catalina.core.ApplicationFilterChain.doFilter(Ljavax/servlet/ServletRequest;Ljavax/servlet/ServletResponse;)V+101
j  org.apache.catalina.core.StandardWrapperValve.invoke(Lorg/apache/catalina/connector/Request;Lorg/apache/catalina/connector/Response;)V+694
j  org.apache.catalina.core.StandardContextValve.invoke(Lorg/apache/catalina/connector/Request;Lorg/apache/catalina/connector/Response;)V+166
j  org.apache.catalina.authenticator.AuthenticatorBase.invoke(Lorg/apache/catalina/connector/Request;Lorg/apache/catalina/connector/Response;)V+260
j  org.apache.catalina.core.StandardHostValve.invoke(Lorg/apache/catalina/connector/Request;Lorg/apache/catalina/connector/Response;)V+114
j  org.apache.catalina.valves.ErrorReportValve.invoke(Lorg/apache/catalina/connector/Request;Lorg/apache/catalina/connector/Response;)V+6
j  org.apache.catalina.core.StandardEngineValve.invoke(Lorg/apache/catalina/connector/Request;Lorg/apache/catalina/connector/Response;)V+45
j  org.apache.catalina.connector.CoyoteAdapter.service(Lorg/apache/coyote/Request;Lorg/apache/coyote/Response;)V+199
j  org.apache.coyote.http11.Http11Processor.service(Lorg/apache/tomcat/util/net/SocketWrapperBase;)Lorg/apache/tomcat/util/net/AbstractEndpoint$Handler$SocketState;+784
j  org.apache.coyote.AbstractProcessorLight.process(Lorg/apache/tomcat/util/net/SocketWrapperBase;Lorg/apache/tomcat/util/net/SocketEvent;)Lorg/apache/tomcat/util/net/AbstractEndpoint$Handler$SocketState;+113
j  org.apache.coyote.AbstractProtocol$ConnectionHandler.process(Lorg/apache/tomcat/util/net/SocketWrapperBase;Lorg/apache/tomcat/util/net/SocketEvent;)Lorg/apache/tomcat/util/net/AbstractEndpoint$Handler$SocketState;+442
j  org.apache.tomcat.util.net.NioEndpoint$SocketProcessor.doRun()V+221
j  org.apache.tomcat.util.net.SocketProcessorBase.run()V+21
j  java.util.concurrent.ThreadPoolExecutor.runWorker(Ljava/util/concurrent/ThreadPoolExecutor$Worker;)V+95
j  java.util.concurrent.ThreadPoolExecutor$Worker.run()V+5
j  org.apache.tomcat.util.threads.TaskThread$WrappingRunnable.run()V+4
j  java.lang.Thread.run()V+11
v  ~StubRoutines::call_stub

---------------  P R O C E S S  ---------------

Java Threads: ( => current thread )
  0x00000000213ac000 JavaThread "DestroyJavaVM" [_thread_blocked, id=25948, stack(0x0000000002d40000,0x0000000002e40000)]
  0x00000000213a7000 JavaThread "http-nio-8090-Acceptor" daemon [_thread_in_native, id=14800, stack(0x0000000023580000,0x0000000023680000)]
  0x00000000213ab800 JavaThread "http-nio-8090-ClientPoller" daemon [_thread_in_native, id=2260, stack(0x0000000023480000,0x0000000023580000)]
  0x00000000213a6000 JavaThread "http-nio-8090-exec-10" daemon [_thread_blocked, id=2628, stack(0x0000000023380000,0x0000000023480000)]
  0x00000000213a9000 JavaThread "http-nio-8090-exec-9" daemon [_thread_blocked, id=9272, stack(0x0000000023280000,0x0000000023380000)]
  0x00000000213a8800 JavaThread "http-nio-8090-exec-8" daemon [_thread_blocked, id=16612, stack(0x0000000023180000,0x0000000023280000)]
  0x00000000213a7800 JavaThread "http-nio-8090-exec-7" daemon [_thread_blocked, id=21900, stack(0x0000000023080000,0x0000000023180000)]
  0x00000000213ad000 JavaThread "http-nio-8090-exec-6" daemon [_thread_blocked, id=25068, stack(0x0000000022f80000,0x0000000023080000)]
  0x00000000213a5800 JavaThread "http-nio-8090-exec-5" daemon [_thread_blocked, id=26592, stack(0x0000000022e80000,0x0000000022f80000)]
  0x00000000213a2800 JavaThread "http-nio-8090-exec-4" daemon [_thread_blocked, id=16456, stack(0x0000000022d80000,0x0000000022e80000)]
=>0x00000000213a2000 JavaThread "http-nio-8090-exec-3" daemon [_thread_in_vm, id=21656, stack(0x0000000022c80000,0x0000000022d80000)]
  0x00000000213a1000 JavaThread "http-nio-8090-exec-2" daemon [_thread_blocked, id=26220, stack(0x0000000022b80000,0x0000000022c80000)]
  0x000000002139a000 JavaThread "http-nio-8090-exec-1" daemon [_thread_blocked, id=20372, stack(0x0000000022a80000,0x0000000022b80000)]
  0x0000000021399000 JavaThread "http-nio-8090-BlockPoller" daemon [_thread_in_native, id=19800, stack(0x0000000022980000,0x0000000022a80000)]
  0x00000000211c7800 JavaThread "container-0" [_thread_blocked, id=26252, stack(0x0000000022680000,0x0000000022780000)]
  0x00000000211c7000 JavaThread "Catalina-utility-2" [_thread_blocked, id=24196, stack(0x0000000022580000,0x0000000022680000)]
  0x000000002111a000 JavaThread "Catalina-utility-1" [_thread_blocked, id=20500, stack(0x00000000204b0000,0x00000000205b0000)]
  0x000000001e88e800 JavaThread "Service Thread" daemon [_thread_blocked, id=25312, stack(0x000000001f430000,0x000000001f530000)]
  0x000000001e86b800 JavaThread "C1 CompilerThread3" daemon [_thread_blocked, id=19676, stack(0x000000001f330000,0x000000001f430000)]
  0x000000001e865800 JavaThread "C2 CompilerThread2" daemon [_thread_blocked, id=7708, stack(0x000000001f230000,0x000000001f330000)]
  0x000000001e862000 JavaThread "C2 CompilerThread1" daemon [_thread_blocked, id=9328, stack(0x000000001f130000,0x000000001f230000)]
  0x000000001e860000 JavaThread "C2 CompilerThread0" daemon [_thread_blocked, id=19328, stack(0x000000001f030000,0x000000001f130000)]
  0x000000001c96e000 JavaThread "Attach Listener" daemon [_thread_blocked, id=18032, stack(0x000000001ef30000,0x000000001f030000)]
  0x000000001c96d800 JavaThread "Signal Dispatcher" daemon [_thread_blocked, id=25524, stack(0x000000001ee30000,0x000000001ef30000)]
  0x000000001e850800 JavaThread "Finalizer" daemon [_thread_blocked, id=25100, stack(0x000000001ec30000,0x000000001ed30000)]
  0x000000001c95d800 JavaThread "Reference Handler" daemon [_thread_blocked, id=10348, stack(0x000000001e730000,0x000000001e830000)]

Other Threads:
  0x000000001c959800 VMThread [stack: 0x000000001e630000,0x000000001e730000] [id=13368]
  0x000000001e916000 WatcherThread [stack: 0x000000001f530000,0x000000001f630000] [id=25320]

VM state:not at safepoint (normal execution)

VM Mutex/Monitor currently owned by a thread: None

Heap:
 PSYoungGen      total 126464K, used 32069K [0x000000076b400000, 0x0000000774800000, 0x00000007c0000000)
  eden space 116736K, 19% used [0x000000076b400000,0x000000076c9e67f8,0x0000000772600000)
  from space 9728K, 99% used [0x0000000773e80000,0x00000007747eaf30,0x0000000774800000)
  to   space 10752K, 0% used [0x0000000773300000,0x0000000773300000,0x0000000773d80000)
 ParOldGen       total 84480K, used 5739K [0x00000006c1c00000, 0x00000006c6e80000, 0x000000076b400000)
  object space 84480K, 6% used [0x00000006c1c00000,0x00000006c219ad58,0x00000006c6e80000)
 Metaspace       used 30130K, capacity 31856K, committed 32128K, reserved 1077248K
  class space    used 4054K, capacity 4403K, committed 4480K, reserved 1048576K

Card table byte_map: [0x0000000012300000,0x0000000012b00000] byte_map_base: 0x000000000ecf2000

Marking Bits: (ParMarkBitMap*) 0x0000000073bf2d00
 Begin Bits: [0x0000000013850000, 0x00000000177e0000)
 End Bits:   [0x00000000177e0000, 0x000000001b770000)

Polling page: 0x0000000000be0000

CodeCache: size=245760Kb used=5295Kb max_used=5295Kb free=240464Kb
 bounds [0x0000000002f40000, 0x0000000003470000, 0x0000000011f40000]
 total_blobs=3094 nmethods=2647 adapters=359
 compilation: enabled

Compilation events (10 events):
Event: 21.353 Thread 0x000000001e86b800 2643       1       com.fasterxml.jackson.databind.cfg.BaseSettings::getTypeFactory (5 bytes)
Event: 21.353 Thread 0x000000001e86b800 nmethod 2643 0x0000000003468110 code [0x0000000003468260, 0x0000000003468370]
Event: 21.355 Thread 0x000000001e86b800 2644       1       com.fasterxml.jackson.databind.introspect.AnnotatedClass::getAnnotation (11 bytes)
Event: 21.355 Thread 0x000000001e86b800 nmethod 2644 0x00000000034683d0 code [0x0000000003468520, 0x0000000003468668]
Event: 21.381 Thread 0x000000001e86b800 2645       1       java.util.regex.Pattern$Node::study (21 bytes)
Event: 21.381 Thread 0x000000001e86b800 nmethod 2645 0x000000000346b750 code [0x000000000346b8c0, 0x000000000346ba28]
Event: 21.398 Thread 0x000000001e86b800 2646       1       java.io.OutputStream::flush (1 bytes)
Event: 21.398 Thread 0x000000001e86b800 nmethod 2646 0x000000000346bad0 code [0x000000000346bc20, 0x000000000346bd30]
Event: 21.496 Thread 0x000000001e86b800 2647       1       java.nio.Buffer::flip (20 bytes)
Event: 21.497 Thread 0x000000001e86b800 nmethod 2647 0x000000000346bd90 code [0x000000000346bee0, 0x000000000346c010]

GC Heap History (10 events):
Event: 1.860 GC heap before
{Heap before GC invocations=1 (full 0):
 PSYoungGen      total 76288K, used 65536K [0x000000076b400000, 0x0000000770900000, 0x00000007c0000000)
  eden space 65536K, 100% used [0x000000076b400000,0x000000076f400000,0x000000076f400000)
  from space 10752K, 0% used [0x000000076fe80000,0x000000076fe80000,0x0000000770900000)
  to   space 10752K, 0% used [0x000000076f400000,0x000000076f400000,0x000000076fe80000)
 ParOldGen       total 175104K, used 0K [0x00000006c1c00000, 0x00000006cc700000, 0x000000076b400000)
  object space 175104K, 0% used [0x00000006c1c00000,0x00000006c1c00000,0x00000006cc700000)
 Metaspace       used 14141K, capacity 14604K, committed 14848K, reserved 1062912K
  class space    used 1896K, capacity 2023K, committed 2048K, reserved 1048576K
Event: 1.869 GC heap after
Heap after GC invocations=1 (full 0):
 PSYoungGen      total 76288K, used 9161K [0x000000076b400000, 0x0000000770900000, 0x00000007c0000000)
  eden space 65536K, 0% used [0x000000076b400000,0x000000076b400000,0x000000076f400000)
  from space 10752K, 85% used [0x000000076f400000,0x000000076fcf27f0,0x000000076fe80000)
  to   space 10752K, 0% used [0x000000076fe80000,0x000000076fe80000,0x0000000770900000)
 ParOldGen       total 175104K, used 16K [0x00000006c1c00000, 0x00000006cc700000, 0x000000076b400000)
  object space 175104K, 0% used [0x00000006c1c00000,0x00000006c1c04000,0x00000006cc700000)
 Metaspace       used 14141K, capacity 14604K, committed 14848K, reserved 1062912K
  class space    used 1896K, capacity 2023K, committed 2048K, reserved 1048576K
}
Event: 2.459 GC heap before
{Heap before GC invocations=2 (full 0):
 PSYoungGen      total 76288K, used 74697K [0x000000076b400000, 0x0000000770900000, 0x00000007c0000000)
  eden space 65536K, 100% used [0x000000076b400000,0x000000076f400000,0x000000076f400000)
  from space 10752K, 85% used [0x000000076f400000,0x000000076fcf27f0,0x000000076fe80000)
  to   space 10752K, 0% used [0x000000076fe80000,0x000000076fe80000,0x0000000770900000)
 ParOldGen       total 175104K, used 16K [0x00000006c1c00000, 0x00000006cc700000, 0x000000076b400000)
  object space 175104K, 0% used [0x00000006c1c00000,0x00000006c1c04000,0x00000006cc700000)
 Metaspace       used 20287K, capacity 21094K, committed 21120K, reserved 1067008K
  class space    used 2734K, capacity 2924K, committed 2944K, reserved 1048576K
Event: 2.476 GC heap after
Heap after GC invocations=2 (full 0):
 PSYoungGen      total 76288K, used 10741K [0x000000076b400000, 0x0000000774900000, 0x00000007c0000000)
  eden space 65536K, 0% used [0x000000076b400000,0x000000076b400000,0x000000076f400000)
  from space 10752K, 99% used [0x000000076fe80000,0x00000007708fd6b8,0x0000000770900000)
  to   space 10752K, 0% used [0x000000076f400000,0x000000076f400000,0x000000076fe80000)
 ParOldGen       total 175104K, used 1092K [0x00000006c1c00000, 0x00000006cc700000, 0x000000076b400000)
  object space 175104K, 0% used [0x00000006c1c00000,0x00000006c1d11268,0x00000006cc700000)
 Metaspace       used 20287K, capacity 21094K, committed 21120K, reserved 1067008K
  class space    used 2734K, capacity 2924K, committed 2944K, reserved 1048576K
}
Event: 2.496 GC heap before
{Heap before GC invocations=3 (full 0):
 PSYoungGen      total 76288K, used 12734K [0x000000076b400000, 0x0000000774900000, 0x00000007c0000000)
  eden space 65536K, 3% used [0x000000076b400000,0x000000076b5f2280,0x000000076f400000)
  from space 10752K, 99% used [0x000000076fe80000,0x00000007708fd6b8,0x0000000770900000)
  to   space 10752K, 0% used [0x000000076f400000,0x000000076f400000,0x000000076fe80000)
 ParOldGen       total 175104K, used 1092K [0x00000006c1c00000, 0x00000006cc700000, 0x000000076b400000)
  object space 175104K, 0% used [0x00000006c1c00000,0x00000006c1d11268,0x00000006cc700000)
 Metaspace       used 20356K, capacity 21138K, committed 21296K, reserved 1067008K
  class space    used 2744K, capacity 2958K, committed 3072K, reserved 1048576K
Event: 2.504 GC heap after
Heap after GC invocations=3 (full 0):
 PSYoungGen      total 76288K, used 5872K [0x000000076b400000, 0x0000000774900000, 0x00000007c0000000)
  eden space 65536K, 0% used [0x000000076b400000,0x000000076b400000,0x000000076f400000)
  from space 10752K, 54% used [0x000000076f400000,0x000000076f9bc010,0x000000076fe80000)
  to   space 10752K, 0% used [0x0000000773e80000,0x0000000773e80000,0x0000000774900000)
 ParOldGen       total 175104K, used 1100K [0x00000006c1c00000, 0x00000006cc700000, 0x000000076b400000)
  object space 175104K, 0% used [0x00000006c1c00000,0x00000006c1d13268,0x00000006cc700000)
 Metaspace       used 20356K, capacity 21138K, committed 21296K, reserved 1067008K
  class space    used 2744K, capacity 2958K, committed 3072K, reserved 1048576K
}
Event: 2.504 GC heap before
{Heap before GC invocations=4 (full 1):
 PSYoungGen      total 76288K, used 5872K [0x000000076b400000, 0x0000000774900000, 0x00000007c0000000)
  eden space 65536K, 0% used [0x000000076b400000,0x000000076b400000,0x000000076f400000)
  from space 10752K, 54% used [0x000000076f400000,0x000000076f9bc010,0x000000076fe80000)
  to   space 10752K, 0% used [0x0000000773e80000,0x0000000773e80000,0x0000000774900000)
 ParOldGen       total 175104K, used 1100K [0x00000006c1c00000, 0x00000006cc700000, 0x000000076b400000)
  object space 175104K, 0% used [0x00000006c1c00000,0x00000006c1d13268,0x00000006cc700000)
 Metaspace       used 20356K, capacity 21138K, committed 21296K, reserved 1067008K
  class space    used 2744K, capacity 2958K, committed 3072K, reserved 1048576K
Event: 2.555 GC heap after
Heap after GC invocations=4 (full 1):
 PSYoungGen      total 76288K, used 0K [0x000000076b400000, 0x0000000774900000, 0x00000007c0000000)
  eden space 65536K, 0% used [0x000000076b400000,0x000000076b400000,0x000000076f400000)
  from space 10752K, 0% used [0x000000076f400000,0x000000076f400000,0x000000076fe80000)
  to   space 10752K, 0% used [0x0000000773e80000,0x0000000773e80000,0x0000000774900000)
 ParOldGen       total 84480K, used 5731K [0x00000006c1c00000, 0x00000006c6e80000, 0x000000076b400000)
  object space 84480K, 6% used [0x00000006c1c00000,0x00000006c2198d58,0x00000006c6e80000)
 Metaspace       used 20354K, capacity 21132K, committed 21296K, reserved 1067008K
  class space    used 2744K, capacity 2957K, committed 3072K, reserved 1048576K
}
Event: 12.377 GC heap before
{Heap before GC invocations=5 (full 1):
 PSYoungGen      total 76288K, used 65536K [0x000000076b400000, 0x0000000774900000, 0x00000007c0000000)
  eden space 65536K, 100% used [0x000000076b400000,0x000000076f400000,0x000000076f400000)
  from space 10752K, 0% used [0x000000076f400000,0x000000076f400000,0x000000076fe80000)
  to   space 10752K, 0% used [0x0000000773e80000,0x0000000773e80000,0x0000000774900000)
 ParOldGen       total 84480K, used 5731K [0x00000006c1c00000, 0x00000006c6e80000, 0x000000076b400000)
  object space 84480K, 6% used [0x00000006c1c00000,0x00000006c2198d58,0x00000006c6e80000)
 Metaspace       used 27411K, capacity 29068K, committed 29184K, reserved 1075200K
  class space    used 3726K, capacity 4047K, committed 4096K, reserved 1048576K
Event: 12.391 GC heap after
Heap after GC invocations=5 (full 1):
 PSYoungGen      total 126464K, used 9643K [0x000000076b400000, 0x0000000774800000, 0x00000007c0000000)
  eden space 116736K, 0% used [0x000000076b400000,0x000000076b400000,0x0000000772600000)
  from space 9728K, 99% used [0x0000000773e80000,0x00000007747eaf30,0x0000000774800000)
  to   space 10752K, 0% used [0x0000000773300000,0x0000000773300000,0x0000000773d80000)
 ParOldGen       total 84480K, used 5739K [0x00000006c1c00000, 0x00000006c6e80000, 0x000000076b400000)
  object space 84480K, 6% used [0x00000006c1c00000,0x00000006c219ad58,0x00000006c6e80000)
 Metaspace       used 27411K, capacity 29068K, committed 29184K, reserved 1075200K
  class space    used 3726K, capacity 4047K, committed 4096K, reserved 1048576K
}

Deoptimization events (0 events):
No events

Classes redefined (0 events):
No events

Internal exceptions (10 events):
Event: 21.299 Thread 0x00000000213a2000 Exception <a 'java/lang/ArrayIndexOutOfBoundsException'> (0x000000076c645c20) thrown at [C:\re\workspace\8-2-build-windows-amd64-cygwin\jdk8u181\11358\hotspot\src\share\vm\runtime\sharedRuntime.cpp, line 605]
Event: 21.299 Thread 0x00000000213a2000 Exception <a 'java/lang/ArrayIndexOutOfBoundsException'> (0x000000076c647eb8) thrown at [C:\re\workspace\8-2-build-windows-amd64-cygwin\jdk8u181\11358\hotspot\src\share\vm\runtime\sharedRuntime.cpp, line 605]
Event: 21.299 Thread 0x00000000213a2000 Exception <a 'java/lang/ArrayIndexOutOfBoundsException'> (0x000000076c64a490) thrown at [C:\re\workspace\8-2-build-windows-amd64-cygwin\jdk8u181\11358\hotspot\src\share\vm\runtime\sharedRuntime.cpp, line 605]
Event: 21.299 Thread 0x00000000213a2000 Exception <a 'java/lang/ArrayIndexOutOfBoundsException'> (0x000000076c64c640) thrown at [C:\re\workspace\8-2-build-windows-amd64-cygwin\jdk8u181\11358\hotspot\src\share\vm\runtime\sharedRuntime.cpp, line 605]
Event: 21.333 Thread 0x00000000213a2000 Exception <a 'java/lang/ArrayIndexOutOfBoundsException'> (0x000000076c74fd88) thrown at [C:\re\workspace\8-2-build-windows-amd64-cygwin\jdk8u181\11358\hotspot\src\share\vm\runtime\sharedRuntime.cpp, line 605]
Event: 21.333 Thread 0x00000000213a2000 Exception <a 'java/lang/ArrayIndexOutOfBoundsException'> (0x000000076c7513c8) thrown at [C:\re\workspace\8-2-build-windows-amd64-cygwin\jdk8u181\11358\hotspot\src\share\vm\runtime\sharedRuntime.cpp, line 605]
Event: 21.338 Thread 0x00000000213a2000 Exception <a 'java/lang/ArrayIndexOutOfBoundsException'> (0x000000076c7549f8) thrown at [C:\re\workspace\8-2-build-windows-amd64-cygwin\jdk8u181\11358\hotspot\src\share\vm\runtime\sharedRuntime.cpp, line 605]
Event: 21.345 Thread 0x00000000213a2000 Exception <a 'java/lang/ArrayIndexOutOfBoundsException'> (0x000000076c77fc18) thrown at [C:\re\workspace\8-2-build-windows-amd64-cygwin\jdk8u181\11358\hotspot\src\share\vm\runtime\sharedRuntime.cpp, line 605]
Event: 21.345 Thread 0x00000000213a2000 Exception <a 'java/lang/ArrayIndexOutOfBoundsException'> (0x000000076c7819e8) thrown at [C:\re\workspace\8-2-build-windows-amd64-cygwin\jdk8u181\11358\hotspot\src\share\vm\runtime\sharedRuntime.cpp, line 605]
Event: 21.346 Thread 0x00000000213a2000 Exception <a 'java/lang/ArrayIndexOutOfBoundsException'> (0x000000076c784648) thrown at [C:\re\workspace\8-2-build-windows-amd64-cygwin\jdk8u181\11358\hotspot\src\share\vm\runtime\sharedRuntime.cpp, line 605]

Events (10 events):
Event: 21.393 loading class org/springframework/beans/PropertyAccessorFactory
Event: 21.393 loading class org/springframework/beans/PropertyAccessorFactory done
Event: 21.493 loading class Model/API/Journal/EntryComponents/Date
Event: 21.493 loading class Model/API/Journal/EntryComponents/Date done
Event: 21.494 loading class Model/Data/SQL/QueryObjects/CommandTypes/Action
Event: 21.494 loading class Model/Data/SQL/QueryObjects/CommandTypes/Action done
Event: 21.495 loading class Model/Data/SQL/QueryObjects/CommandTypes/Command
Event: 21.495 loading class Model/Data/SQL/QueryObjects/CommandTypes/Command done
Event: 21.496 loading class Model/Data/SQL/QueryObjects/CommandTypes/Query
Event: 21.496 loading class Model/Data/SQL/QueryObjects/CommandTypes/Query done


Dynamic libraries:
0x00007ff79b890000 - 0x00007ff79b8c7000 	C:\Program Files\Java\jdk1.8.0_181\bin\java.exe
0x00007ff99eae0000 - 0x00007ff99ecd0000 	C:\WINDOWS\SYSTEM32\ntdll.dll
0x00007ff99dac0000 - 0x00007ff99db72000 	C:\WINDOWS\System32\KERNEL32.DLL
0x00007ff99ba70000 - 0x00007ff99bd13000 	C:\WINDOWS\System32\KERNELBASE.dll
0x00007ff99e0f0000 - 0x00007ff99e193000 	C:\WINDOWS\System32\ADVAPI32.dll
0x00007ff99cde0000 - 0x00007ff99ce7e000 	C:\WINDOWS\System32\msvcrt.dll
0x00007ff99ccb0000 - 0x00007ff99cd47000 	C:\WINDOWS\System32\sechost.dll
0x00007ff99d840000 - 0x00007ff99d960000 	C:\WINDOWS\System32\RPCRT4.dll
0x00007ff99d6a0000 - 0x00007ff99d834000 	C:\WINDOWS\System32\USER32.dll
0x00007ff99bd80000 - 0x00007ff99bda1000 	C:\WINDOWS\System32\win32u.dll
0x00007ff99cdb0000 - 0x00007ff99cdd6000 	C:\WINDOWS\System32\GDI32.dll
0x00007ff99c9f0000 - 0x00007ff99cb84000 	C:\WINDOWS\System32\gdi32full.dll
0x00007ff99c6e0000 - 0x00007ff99c77e000 	C:\WINDOWS\System32\msvcp_win.dll
0x00007ff99c5e0000 - 0x00007ff99c6da000 	C:\WINDOWS\System32\ucrtbase.dll
0x00007ff98baa0000 - 0x00007ff98bd25000 	C:\WINDOWS\WinSxS\amd64_microsoft.windows.common-controls_6595b64144ccf1df_6.0.18362.657_none_e6c5b579130e3898\COMCTL32.dll
0x00007ff99dc50000 - 0x00007ff99df86000 	C:\WINDOWS\System32\combase.dll
0x00007ff99c780000 - 0x00007ff99c800000 	C:\WINDOWS\System32\bcryptPrimitives.dll
0x00007ff99df90000 - 0x00007ff99dfbe000 	C:\WINDOWS\System32\IMM32.DLL
0x0000000074cd0000 - 0x0000000074da2000 	C:\Program Files\Java\jdk1.8.0_181\jre\bin\msvcr100.dll
0x00000000733d0000 - 0x0000000073c72000 	C:\Program Files\Java\jdk1.8.0_181\jre\bin\server\jvm.dll
0x00007ff99d690000 - 0x00007ff99d698000 	C:\WINDOWS\System32\PSAPI.DLL
0x00007ff9981f0000 - 0x00007ff998214000 	C:\WINDOWS\SYSTEM32\WINMM.dll
0x00007ff988e50000 - 0x00007ff988e59000 	C:\WINDOWS\SYSTEM32\WSOCK32.dll
0x00007ff994780000 - 0x00007ff99478a000 	C:\WINDOWS\SYSTEM32\VERSION.dll
0x00007ff99dbe0000 - 0x00007ff99dc4f000 	C:\WINDOWS\System32\WS2_32.dll
0x00007ff9981c0000 - 0x00007ff9981ed000 	C:\WINDOWS\SYSTEM32\winmmbase.dll
0x00007ff99c830000 - 0x00007ff99c87a000 	C:\WINDOWS\System32\cfgmgr32.dll
0x0000000074e30000 - 0x0000000074e3f000 	C:\Program Files\Java\jdk1.8.0_181\jre\bin\verify.dll
0x0000000074ca0000 - 0x0000000074cc9000 	C:\Program Files\Java\jdk1.8.0_181\jre\bin\java.dll
0x0000000074c80000 - 0x0000000074c96000 	C:\Program Files\Java\jdk1.8.0_181\jre\bin\zip.dll
0x00007ff99e3b0000 - 0x00007ff99ea95000 	C:\WINDOWS\System32\SHELL32.dll
0x00007ff99e1b0000 - 0x00007ff99e259000 	C:\WINDOWS\System32\shcore.dll
0x00007ff99bdb0000 - 0x00007ff99c52f000 	C:\WINDOWS\System32\windows.storage.dll
0x00007ff99ba50000 - 0x00007ff99ba6f000 	C:\WINDOWS\System32\profapi.dll
0x00007ff99b9e0000 - 0x00007ff99ba2a000 	C:\WINDOWS\System32\powrprof.dll
0x00007ff99b9b0000 - 0x00007ff99b9c0000 	C:\WINDOWS\System32\UMPDC.dll
0x00007ff99cd50000 - 0x00007ff99cda2000 	C:\WINDOWS\System32\shlwapi.dll
0x00007ff99b9c0000 - 0x00007ff99b9d1000 	C:\WINDOWS\System32\kernel.appcore.dll
0x00007ff99c9d0000 - 0x00007ff99c9e7000 	C:\WINDOWS\System32\cryptsp.dll
0x00007ff99ad90000 - 0x00007ff99adc3000 	C:\WINDOWS\system32\rsaenh.dll
0x00007ff99c800000 - 0x00007ff99c826000 	C:\WINDOWS\System32\bcrypt.dll
0x00007ff99b8d0000 - 0x00007ff99b8f5000 	C:\WINDOWS\SYSTEM32\USERENV.dll
0x00007ff99b3f0000 - 0x00007ff99b3fc000 	C:\WINDOWS\SYSTEM32\CRYPTBASE.dll
0x0000000074c60000 - 0x0000000074c7a000 	C:\Program Files\Java\jdk1.8.0_181\jre\bin\net.dll
0x00007ff99b220000 - 0x00007ff99b287000 	C:\WINDOWS\system32\mswsock.dll
0x00007ff99af30000 - 0x00007ff99af6a000 	C:\WINDOWS\SYSTEM32\IPHLPAPI.DLL
0x00007ff99e1a0000 - 0x00007ff99e1a8000 	C:\WINDOWS\System32\NSI.dll
0x00007ff990840000 - 0x00007ff990856000 	C:\WINDOWS\SYSTEM32\dhcpcsvc6.DLL
0x00007ff9907c0000 - 0x00007ff9907dc000 	C:\WINDOWS\SYSTEM32\dhcpcsvc.DLL
0x00007ff99af70000 - 0x00007ff99b03a000 	C:\WINDOWS\SYSTEM32\DNSAPI.dll
0x0000000074c40000 - 0x0000000074c51000 	C:\Program Files\Java\jdk1.8.0_181\jre\bin\nio.dll
0x000000006d580000 - 0x000000006d63d000 	C:\Users\dpk14\AppData\Local\Temp\sqlite-3.8.11.2-7aa756fe-ab66-46e4-949f-dbc9d6389732-sqlitejdbc.dll
0x0000000074c30000 - 0x0000000074c3d000 	C:\Program Files\Java\jdk1.8.0_181\jre\bin\management.dll
0x00007ff97b3f0000 - 0x00007ff97b406000 	C:\WINDOWS\system32\napinsp.dll
0x00007ff97b120000 - 0x00007ff97b13a000 	C:\WINDOWS\system32\pnrpnsp.dll
0x00007ff97b110000 - 0x00007ff97b11e000 	C:\WINDOWS\System32\winrnr.dll
0x00007ff997e60000 - 0x00007ff997e7c000 	C:\WINDOWS\system32\NLAapi.dll
0x00007ff9974c0000 - 0x00007ff9974d5000 	C:\WINDOWS\system32\wshbth.dll
0x00007ff994750000 - 0x00007ff99475a000 	C:\Windows\System32\rasadhlp.dll
0x00007ff9900c0000 - 0x00007ff990137000 	C:\WINDOWS\System32\fwpuclnt.dll
0x00007ff99a240000 - 0x00007ff99a434000 	C:\WINDOWS\SYSTEM32\dbghelp.dll

VM Arguments:
jvm_args: -Xverify:none -XX:TieredStopAtLevel=1 -Dfile.encoding=windows-1252 -Duser.country=US -Duser.language=en -Duser.variant 
java_command: Controller.Application dpk14 12345 test1.db -Dserver.port=8090y
java_class_path (initial): C:\Users\dpk14\Thinktionary\build\classes\java\main;C:\Users\dpk14\Thinktionary\build\resources\main;C:\Users\dpk14\.gradle\caches\modules-2\files-2.1\org.springframework.boot\spring-boot-starter-web\2.2.1.RELEASE\689213aca6e25e2aa9b377e61273aa3d31f30f60\spring-boot-starter-web-2.2.1.RELEASE.jar;C:\Users\dpk14\.gradle\caches\modules-2\files-2.1\org.springframework.boot\spring-boot-starter-json\2.2.1.RELEASE\2d9f5ad8a76edcf3c610e0f825d9c01563a6900a\spring-boot-starter-json-2.2.1.RELEASE.jar;C:\Users\dpk14\.gradle\caches\modules-2\files-2.1\com.fasterxml.jackson.datatype\jackson-datatype-jdk8\2.10.0\ac9b5e4ec02f243c580113c0c58564d90432afaa\jackson-datatype-jdk8-2.10.0.jar;C:\Users\dpk14\.gradle\caches\modules-2\files-2.1\com.fasterxml.jackson.datatype\jackson-datatype-jsr310\2.10.0\946bcb4b3ba9facfb338b1d48c2606225205a70c\jackson-datatype-jsr310-2.10.0.jar;C:\Users\dpk14\.gradle\caches\modules-2\files-2.1\com.fasterxml.jackson.module\jackson-module-parameter-names\2.10.0\d7ae5421ab27486429aeb878b7e3937544d9324a\jackson-module-parameter-names-2.10.0.jar;C:\Users\dpk14\.gradle\caches\modules-2\files-2.1\com.fasterxml.jackson.core\jackson-databind\2.9.4\498bbc3b94f566982c7f7c6d4d303fce365529be\jackson-databind-2.9.4.jar;C:\Users\dpk14\.gradle\caches\modules-2\files-2.1\com.fasterxml.jackson.core\jackson-core\2.9.4\a9a71ec1aa37da47db168fede9a4a5fb5e374320\jackson-core-2.9.4.jar;C:\Users\dpk14\.gradle\caches\modules-2\files-2.1\com.fasterxml.jackson.core\jackson-annotations\2.9.4\1380b592ad70439346b5d954ad202be048451c5a\jackson-annotations-2.9.4.jar;C:\Users\dpk14\.gradle\caches\modules-2\files-2.1\org.xerial\sqlite-jdbc\3.8.11.2\dec208cba8debb0a8b9204b08d8d887d63041f0f\sqlite-jdbc-3.8.11.2.jar;C:\Users\dpk14\.gradle\caches\modules-2\files-2.1\org.springframework.boot\spring-boot-starter-validation\2.2.1.RELEASE\ea5bd9055951afe28f64a96524bfd0bf0d362313\spring-boot-starter-validation-2.2.1.RELEASE.jar;C:\Users\dpk14\.gradle\caches\modules-2\file
Launcher Type: SUN_STANDARD

Environment Variables:
CLASSPATH=C:\Gradle\gradle-6.0.1-bin\gradle-6.0.1\bin\..\lib\gradle-launcher-6.0.1.jar
PATH=C:\Program Files (x86)\Common Files\Oracle\Java\javapath;C:\Program Files (x86)\Intel\iCLS Client\;C:\Program Files\Intel\iCLS Client\;C:\windows\system32;C:\windows;C:\windows\System32\Wbem;C:\windows\System32\WindowsPowerShell\v1.0\;C:\Program Files (x86)\Intel\Intel(R) Management Engine Components\DAL;C:\Program Files\Intel\Intel(R) Management Engine Components\DAL;C:\Program Files (x86)\Intel\Intel(R) Management Engine Components\IPT;C:\Program Files\Intel\Intel(R) Management Engine Components\IPT;C:\Program Files (x86)\NVIDIA Corporation\PhysX\Common;C:\WINDOWS\system32;C:\WINDOWS;C:\WINDOWS\System32\Wbem;C:\WINDOWS\System32\WindowsPowerShell\v1.0\;C:\WINDOWS\System32\OpenSSH\;C:\Program Files (x86)\PharosSystems\Core;C:\Program Files\MATLAB\R2018a\bin;C:\Program Files\Git\cmd;C:\Program Files\Microsoft SQL Server\Client SDK\ODBC\110\Tools\Binn\;C:\Program Files (x86)\Microsoft SQL Server\120\Tools\Binn\;C:\Program Files\Microsoft SQL Server\120\Tools\Binn\;C:\Program Files\Microsoft SQL Server\120\DTS\Binn\;C:\Program Files (x86)\Windows Kits\8.1\Windows Performance Toolkit\;C:\Program Files\Microsoft VS Code\bin;C:\Program Files\PuTTY\;C:\Program Files (x86)\IVI Foundation\VISA\WinNT\Bin\;C:\Program Files\IVI Foundation\VISA\Win64\Bin\;C:\Program Files (x86)\IVI Foundation\VISA\WinNT\Bin;C:\Program Files\Intel\WiFi\bin\;C:\Program Files\Common Files\Intel\WirelessCommon\;C:\Gradle\gradle-6.0.1-bin\gradle-6.0.1\bin;C:\Program Files\nodejs\;C:\Python27\;C:\Python27\Scripts;C:\Users\dpk14\AppData\Local\Microsoft\WindowsApps;C:\Users\dpk14\AppData\Local\GitHubDesktop\bin;C:\Users\dpk14\AppData\Local\Programs\Microsoft VS Code\bin;C:\Users\dpk14\AppData\Local\Microsoft\WindowsApps;C:\Users\dpk14\AppData\Roaming\npm
USERNAME=dpk14
OS=Windows_NT
PROCESSOR_IDENTIFIER=Intel64 Family 6 Model 142 Stepping 10, GenuineIntel



---------------  S Y S T E M  ---------------

OS: Windows 10.0 , 64 bit Build 18362 (10.0.18362.329)

CPU:total 8 (initial active 8) (4 cores per cpu, 2 threads per core) family 6 model 142 stepping 10, cmov, cx8, fxsr, mmx, sse, sse2, sse3, ssse3, sse4.1, sse4.2, popcnt, avx, avx2, aes, clmul, erms, 3dnowpref, lzcnt, ht, tsc, tscinvbit, bmi1, bmi2, adx

Memory: 4k page, physical 16660996k(5460448k free), swap 24525316k(5580576k free)

vm_info: Java HotSpot(TM) 64-Bit Server VM (25.181-b13) for windows-amd64 JRE (1.8.0_181-b13), built on Jul  7 2018 04:01:33 by "java_re" with MS VC++ 10.0 (VS2010)

time: Wed Feb 26 19:22:44 2020
elapsed time: 21 seconds (0d 0h 0m 21s)

